mkdir -p /home/jbk/dv/tools/pythia-0.8/vnf; \
	for x in bin cgi config content html log ; do { \
            if [ -d $x ]; then { \
	        rsync -a $x /home/jbk/dv/tools/pythia-0.8/vnf/ ; \
            } fi; \
        } done
BLD_ACTION="all" /home/jbk/dv/config/make/mm --recursive recurse
make[1]: Entering directory `/home/jbk/DANSE/vnf'
 --- Entering "vnf"
cd vnf; /home/jbk/dv/config/make/mm --recursive all; cd ..
make[2]: Entering directory `/home/jbk/DANSE/vnf/vnf'
/usr/bin/python /usr/lib/python2.5/compileall.py -l `pwd`
Listing /home/jbk/DANSE/vnf/vnf ...
Compiling /home/jbk/DANSE/vnf/vnf/__init__.py ...
for x in __init__.py; do { \
            if [ -f $x ]; then { \
                cp -f $x /home/jbk/dv/tools/pythia-0.8/modules/vnf; \
                mv -f $x[cod] /home/jbk/dv/tools/pythia-0.8/modules/vnf; \
                chmod +w /home/jbk/dv/tools/pythia-0.8/modules/vnf/$x[cod]; \
            } fi; \
        } done
BLD_ACTION="export" /home/jbk/dv/config/make/mm --recursive recurse
make[3]: Entering directory `/home/jbk/DANSE/vnf/vnf'
 --- Entering "clusterscheduler"
cd clusterscheduler; /home/jbk/dv/config/make/mm --recursive export; cd ..
make[4]: Entering directory `/home/jbk/DANSE/vnf/vnf/clusterscheduler'
mkdir -p /home/jbk/dv/tools/pythia-0.8/modules/vnf/clusterscheduler
/usr/bin/python /usr/lib/python2.5/compileall.py -l `pwd`
Listing /home/jbk/DANSE/vnf/vnf/clusterscheduler ...
Compiling /home/jbk/DANSE/vnf/vnf/clusterscheduler/__init__.py ...
Compiling /home/jbk/DANSE/vnf/vnf/clusterscheduler/exceptions.py ...
Compiling /home/jbk/DANSE/vnf/vnf/clusterscheduler/torque.py ...
for x in __init__.py exceptions.py torque.py ; do { \
            if [ -f $x ]; then { \
                cp -f $x /home/jbk/dv/tools/pythia-0.8/modules/vnf/clusterscheduler; \
                mv -f $x[cod] /home/jbk/dv/tools/pythia-0.8/modules/vnf/clusterscheduler; \
                chmod +w /home/jbk/dv/tools/pythia-0.8/modules/vnf/clusterscheduler/$x[cod]; \
            } fi; \
        } done
BLD_ACTION="export" /home/jbk/dv/config/make/mm --recursive recurse
make[5]: Entering directory `/home/jbk/DANSE/vnf/vnf/clusterscheduler'
make[5]: `recurse' is up to date.
make[5]: Leaving directory `/home/jbk/DANSE/vnf/vnf/clusterscheduler'
make[4]: Leaving directory `/home/jbk/DANSE/vnf/vnf/clusterscheduler'
 --- Done with "clusterscheduler"
 --- Entering "components"
cd components; /home/jbk/dv/config/make/mm --recursive export; cd ..
make[4]: Entering directory `/home/jbk/DANSE/vnf/vnf/components'
mkdir -p /home/jbk/dv/tools/pythia-0.8/modules/vnf/components
/usr/bin/python /usr/lib/python2.5/compileall.py -l `pwd`
Listing /home/jbk/DANSE/vnf/vnf/components ...
Compiling /home/jbk/DANSE/vnf/vnf/components/Actor.py ...
Compiling /home/jbk/DANSE/vnf/vnf/components/CSAccessor.py ...
Compiling /home/jbk/DANSE/vnf/vnf/components/Clerk.py ...
Compiling /home/jbk/DANSE/vnf/vnf/components/Computation.py ...
Compiling /home/jbk/DANSE/vnf/vnf/components/ComputationResultsRetriever.py ...
Compiling /home/jbk/DANSE/vnf/vnf/components/DBObjectForm.py ...
Compiling /home/jbk/DANSE/vnf/vnf/components/DistributedDataStorage.py ...
Compiling /home/jbk/DANSE/vnf/vnf/components/Form.py ...
Compiling /home/jbk/DANSE/vnf/vnf/components/FormActor.py ...
Compiling /home/jbk/DANSE/vnf/vnf/components/Geometer.py ...
Compiling /home/jbk/DANSE/vnf/vnf/components/Greeter.py ...
Compiling /home/jbk/DANSE/vnf/vnf/components/Instrument.py ...
Compiling /home/jbk/DANSE/vnf/vnf/components/Job.py ...
Compiling /home/jbk/DANSE/vnf/vnf/components/JobBuilder.py ...
Compiling /home/jbk/DANSE/vnf/vnf/components/JobDataManager.py ...
Compiling /home/jbk/DANSE/vnf/vnf/components/Login.py ...
Compiling /home/jbk/DANSE/vnf/vnf/components/Logout.py ...
Compiling /home/jbk/DANSE/vnf/vnf/components/MaterialSimulation.py ...
Compiling /home/jbk/DANSE/vnf/vnf/components/MaterialSimulationWizard.py ...
Compiling /home/jbk/DANSE/vnf/vnf/components/NeutronExperiment.py ...
Compiling /home/jbk/DANSE/vnf/vnf/components/NeutronExperimentWizard.py ...
Compiling /home/jbk/DANSE/vnf/vnf/components/SSHer.py ...
Compiling /home/jbk/DANSE/vnf/vnf/components/Sample.py ...
Compiling /home/jbk/DANSE/vnf/vnf/components/SampleAssembly.py ...
Compiling /home/jbk/DANSE/vnf/vnf/components/Scatterer.py ...
Compiling /home/jbk/DANSE/vnf/vnf/components/ScatteringKernel.py ...
Compiling /home/jbk/DANSE/vnf/vnf/components/Scheduler.py ...
Compiling /home/jbk/DANSE/vnf/vnf/components/Scribe.py ...
Compiling /home/jbk/DANSE/vnf/vnf/components/Server.py ...
Compiling /home/jbk/DANSE/vnf/vnf/components/Shape.py ...
Compiling /home/jbk/DANSE/vnf/vnf/components/SupportingCalcs.py ...
Compiling /home/jbk/DANSE/vnf/vnf/components/TreeViewCreator.py ...
Compiling /home/jbk/DANSE/vnf/vnf/components/UsersFromDB.py ...
Compiling /home/jbk/DANSE/vnf/vnf/components/__init__.py ...
Compiling /home/jbk/DANSE/vnf/vnf/components/_extend_class.py ...
Compiling /home/jbk/DANSE/vnf/vnf/components/inventorylist.py ...
Compiling /home/jbk/DANSE/vnf/vnf/components/misc.py ...
Compiling /home/jbk/DANSE/vnf/vnf/components/spawn.py ...
Compiling /home/jbk/DANSE/vnf/vnf/components/wording.py ...
for x in Actor.py Clerk.py Computation.py ComputationResultsRetriever.py CSAccessor.py DBObjectForm.py DistributedDataStorage.py Form.py FormActor.py Geometer.py Greeter.py Instrument.py Job.py JobBuilder.py JobDataManager.py Login.py Logout.py MaterialSimulation.py MaterialSimulationWizard.py NeutronExperiment.py NeutronExperimentWizard.py Sample.py SampleAssembly.py SamplePreparation.py Scatterer.py ScatteringKernel.py Scheduler.py Scribe.py Server.py Shape.py SSHer.py SupportingCalcs.py TreeViewCreator.py UsersFromDB.py inventorylist.py misc.py spawn.py wording.py _extend_class.py __init__.py ; do { \
            if [ -f $x ]; then { \
                cp -f $x /home/jbk/dv/tools/pythia-0.8/modules/vnf/components; \
                mv -f $x[cod] /home/jbk/dv/tools/pythia-0.8/modules/vnf/components; \
                chmod +w /home/jbk/dv/tools/pythia-0.8/modules/vnf/components/$x[cod]; \
            } fi; \
        } done
BLD_ACTION="export" /home/jbk/dv/config/make/mm --recursive recurse
make[5]: Entering directory `/home/jbk/DANSE/vnf/vnf/components'
 --- Entering "computation_result_retrievers"
cd computation_result_retrievers; /home/jbk/dv/config/make/mm --recursive export; cd ..
make[6]: Entering directory `/home/jbk/DANSE/vnf/vnf/components/computation_result_retrievers'
mkdir -p /home/jbk/dv/tools/pythia-0.8/modules/vnf/components/computation_result_retrievers
/usr/bin/python /usr/lib/python2.5/compileall.py -l `pwd`
Listing /home/jbk/DANSE/vnf/vnf/components/computation_result_retrievers ...
Compiling /home/jbk/DANSE/vnf/vnf/components/computation_result_retrievers/Retriever.py ...
Compiling /home/jbk/DANSE/vnf/vnf/components/computation_result_retrievers/__init__.py ...
for x in Retriever.py __init__.py ; do { \
            if [ -f $x ]; then { \
                cp -f $x /home/jbk/dv/tools/pythia-0.8/modules/vnf/components/computation_result_retrievers; \
                mv -f $x[cod] /home/jbk/dv/tools/pythia-0.8/modules/vnf/components/computation_result_retrievers; \
                chmod +w /home/jbk/dv/tools/pythia-0.8/modules/vnf/components/computation_result_retrievers/$x[cod]; \
            } fi; \
        } done
BLD_ACTION="export" /home/jbk/dv/config/make/mm --recursive recurse
make[7]: Entering directory `/home/jbk/DANSE/vnf/vnf/components/computation_result_retrievers'
make[7]: `recurse' is up to date.
make[7]: Leaving directory `/home/jbk/DANSE/vnf/vnf/components/computation_result_retrievers'
make[6]: Leaving directory `/home/jbk/DANSE/vnf/vnf/components/computation_result_retrievers'
 --- Done with "computation_result_retrievers"
 --- Entering "job_builders"
cd job_builders; /home/jbk/dv/config/make/mm --recursive export; cd ..
make[6]: Entering directory `/home/jbk/DANSE/vnf/vnf/components/job_builders'
mkdir -p /home/jbk/dv/tools/pythia-0.8/modules/vnf/components/job_builders
/usr/bin/python /usr/lib/python2.5/compileall.py -l `pwd`
Listing /home/jbk/DANSE/vnf/vnf/components/job_builders ...
Compiling /home/jbk/DANSE/vnf/vnf/components/job_builders/InstrumentSimulationAppBuilder.py ...
Compiling /home/jbk/DANSE/vnf/vnf/components/job_builders/JobBuilder.py ...
Compiling /home/jbk/DANSE/vnf/vnf/components/job_builders/McstasSampleBuilder.py ...
Compiling /home/jbk/DANSE/vnf/vnf/components/job_builders/McvineSampleAssemblyBuilder.py ...
Compiling /home/jbk/DANSE/vnf/vnf/components/job_builders/McvineSampleAssemblyDatafilesCollector.py ...
Compiling /home/jbk/DANSE/vnf/vnf/components/job_builders/McvineScattererXMLBuilder.py ...
Compiling /home/jbk/DANSE/vnf/vnf/components/job_builders/NeutronExperiment.py ...
Compiling /home/jbk/DANSE/vnf/vnf/components/job_builders/NeutronExperimentSimulationRunBuilder.py ...
Compiling /home/jbk/DANSE/vnf/vnf/components/job_builders/SampleAssemblyXMLBuilder.py ...
Compiling /home/jbk/DANSE/vnf/vnf/components/job_builders/__init__.py ...
Compiling /home/jbk/DANSE/vnf/vnf/components/job_builders/_utils.py ...
for x in InstrumentConfigurationApplyer.py InstrumentSimulationAppBuilder.py JobBuilder.py McstasSampleBuilder.py McvineSampleAssemblyBuilder.py McvineSampleAssemblyDatafilesCollector.py McvineScattererXMLBuilder.py NeutronExperiment.py NeutronExperimentSimulationRunBuilder.py SampleAssemblyXMLBuilder.py __init__.py _utils.py ; do { \
            if [ -f $x ]; then { \
                cp -f $x /home/jbk/dv/tools/pythia-0.8/modules/vnf/components/job_builders; \
                mv -f $x[cod] /home/jbk/dv/tools/pythia-0.8/modules/vnf/components/job_builders; \
                chmod +w /home/jbk/dv/tools/pythia-0.8/modules/vnf/components/job_builders/$x[cod]; \
            } fi; \
        } done
BLD_ACTION="export" /home/jbk/dv/config/make/mm --recursive recurse
make[7]: Entering directory `/home/jbk/DANSE/vnf/vnf/components/job_builders'
make[7]: `recurse' is up to date.
make[7]: Leaving directory `/home/jbk/DANSE/vnf/vnf/components/job_builders'
make[6]: Leaving directory `/home/jbk/DANSE/vnf/vnf/components/job_builders'
 --- Done with "job_builders"
 --- Entering "ins"
cd ins; /home/jbk/dv/config/make/mm --recursive export; cd ..
make[6]: Entering directory `/home/jbk/DANSE/vnf/vnf/components/ins'
mkdir -p /home/jbk/dv/tools/pythia-0.8/modules/vnf/components/ins
/usr/bin/python /usr/lib/python2.5/compileall.py -l `pwd`
Listing /home/jbk/DANSE/vnf/vnf/components/ins ...
Compiling /home/jbk/DANSE/vnf/vnf/components/ins/BvK.py ...
Compiling /home/jbk/DANSE/vnf/vnf/components/ins/Clerk.py ...
Compiling /home/jbk/DANSE/vnf/vnf/components/ins/__init__.py ...
for x in BvK.py Clerk.py __init__.py ; do { \
            if [ -f $x ]; then { \
                cp -f $x /home/jbk/dv/tools/pythia-0.8/modules/vnf/components/ins; \
                mv -f $x[cod] /home/jbk/dv/tools/pythia-0.8/modules/vnf/components/ins; \
                chmod +w /home/jbk/dv/tools/pythia-0.8/modules/vnf/components/ins/$x[cod]; \
            } fi; \
        } done
BLD_ACTION="export" /home/jbk/dv/config/make/mm --recursive recurse
make[7]: Entering directory `/home/jbk/DANSE/vnf/vnf/components/ins'
 --- Entering "computation_result_retrievers"
cd computation_result_retrievers; /home/jbk/dv/config/make/mm --recursive export; cd ..
make[8]: Entering directory `/home/jbk/DANSE/vnf/vnf/components/ins/computation_result_retrievers'
mkdir -p /home/jbk/dv/tools/pythia-0.8/modules/vnf/components/ins/computation_result_retrievers
/usr/bin/python /usr/lib/python2.5/compileall.py -l `pwd`
Listing /home/jbk/DANSE/vnf/vnf/components/ins/computation_result_retrievers ...
Compiling /home/jbk/DANSE/vnf/vnf/components/ins/computation_result_retrievers/BvKComputation.py ...
Compiling /home/jbk/DANSE/vnf/vnf/components/ins/computation_result_retrievers/Retriever.py ...
Compiling /home/jbk/DANSE/vnf/vnf/components/ins/computation_result_retrievers/__init__.py ...
for x in BvKComputation.py Retriever.py __init__.py ; do { \
            if [ -f $x ]; then { \
                cp -f $x /home/jbk/dv/tools/pythia-0.8/modules/vnf/components/ins/computation_result_retrievers; \
                mv -f $x[cod] /home/jbk/dv/tools/pythia-0.8/modules/vnf/components/ins/computation_result_retrievers; \
                chmod +w /home/jbk/dv/tools/pythia-0.8/modules/vnf/components/ins/computation_result_retrievers/$x[cod]; \
            } fi; \
        } done
BLD_ACTION="export" /home/jbk/dv/config/make/mm --recursive recurse
make[9]: Entering directory `/home/jbk/DANSE/vnf/vnf/components/ins/computation_result_retrievers'
make[9]: `recurse' is up to date.
make[9]: Leaving directory `/home/jbk/DANSE/vnf/vnf/components/ins/computation_result_retrievers'
make[8]: Leaving directory `/home/jbk/DANSE/vnf/vnf/components/ins/computation_result_retrievers'
 --- Done with "computation_result_retrievers"
 --- Entering "job_builders"
cd job_builders; /home/jbk/dv/config/make/mm --recursive export; cd ..
make[8]: Entering directory `/home/jbk/DANSE/vnf/vnf/components/ins/job_builders'
mkdir -p /home/jbk/dv/tools/pythia-0.8/modules/vnf/components/ins/job_builders
/usr/bin/python /usr/lib/python2.5/compileall.py -l `pwd`
Listing /home/jbk/DANSE/vnf/vnf/components/ins/job_builders ...
Compiling /home/jbk/DANSE/vnf/vnf/components/ins/job_builders/BvKComputation.py ...
Compiling /home/jbk/DANSE/vnf/vnf/components/ins/job_builders/BvKDOSJobBuilder.py ...
Compiling /home/jbk/DANSE/vnf/vnf/components/ins/job_builders/BvKDispersionJobBuilder.py ...
Compiling /home/jbk/DANSE/vnf/vnf/components/ins/job_builders/BvKModelRenderer.py ...
Compiling /home/jbk/DANSE/vnf/vnf/components/ins/job_builders/JobBuilder.py ...
Compiling /home/jbk/DANSE/vnf/vnf/components/ins/job_builders/__init__.py ...
for x in BvKComputation.py BvKDispersionJobBuilder.py BvKDOSJobBuilder.py BvKModelRenderer.py JobBuilder.py __init__.py ; do { \
            if [ -f $x ]; then { \
                cp -f $x /home/jbk/dv/tools/pythia-0.8/modules/vnf/components/ins/job_builders; \
                mv -f $x[cod] /home/jbk/dv/tools/pythia-0.8/modules/vnf/components/ins/job_builders; \
                chmod +w /home/jbk/dv/tools/pythia-0.8/modules/vnf/components/ins/job_builders/$x[cod]; \
            } fi; \
        } done
BLD_ACTION="export" /home/jbk/dv/config/make/mm --recursive recurse
make[9]: Entering directory `/home/jbk/DANSE/vnf/vnf/components/ins/job_builders'
make[9]: `recurse' is up to date.
make[9]: Leaving directory `/home/jbk/DANSE/vnf/vnf/components/ins/job_builders'
make[8]: Leaving directory `/home/jbk/DANSE/vnf/vnf/components/ins/job_builders'
 --- Done with "job_builders"
 --- Entering "idf"
cd idf; /home/jbk/dv/config/make/mm --recursive export; cd ..
make[8]: Entering directory `/home/jbk/DANSE/vnf/vnf/components/ins/idf'
mkdir -p /home/jbk/dv/tools/pythia-0.8/modules/vnf/components/ins/idf
/usr/bin/python /usr/lib/python2.5/compileall.py -l `pwd`
Listing /home/jbk/DANSE/vnf/vnf/components/ins/idf ...
Compiling /home/jbk/DANSE/vnf/vnf/components/ins/idf/DOS.py ...
Compiling /home/jbk/DANSE/vnf/vnf/components/ins/idf/__init__.py ...
for x in DOS.py __init__.py ; do { \
            if [ -f $x ]; then { \
                cp -f $x /home/jbk/dv/tools/pythia-0.8/modules/vnf/components/ins/idf; \
                mv -f $x[cod] /home/jbk/dv/tools/pythia-0.8/modules/vnf/components/ins/idf; \
                chmod +w /home/jbk/dv/tools/pythia-0.8/modules/vnf/components/ins/idf/$x[cod]; \
            } fi; \
        } done
BLD_ACTION="export" /home/jbk/dv/config/make/mm --recursive recurse
make[9]: Entering directory `/home/jbk/DANSE/vnf/vnf/components/ins/idf'
make[9]: `recurse' is up to date.
make[9]: Leaving directory `/home/jbk/DANSE/vnf/vnf/components/ins/idf'
make[8]: Leaving directory `/home/jbk/DANSE/vnf/vnf/components/ins/idf'
 --- Done with "idf"
make[7]: Leaving directory `/home/jbk/DANSE/vnf/vnf/components/ins'
make[6]: Leaving directory `/home/jbk/DANSE/vnf/vnf/components/ins'
 --- Done with "ins"
 --- Entering "sans"
cd sans; /home/jbk/dv/config/make/mm --recursive export; cd ..
make[6]: Entering directory `/home/jbk/DANSE/vnf/vnf/components/sans'
mkdir -p /home/jbk/dv/tools/pythia-0.8/modules/vnf/components/sans
/usr/bin/python /usr/lib/python2.5/compileall.py -l `pwd`
Listing /home/jbk/DANSE/vnf/vnf/components/sans ...
Compiling /home/jbk/DANSE/vnf/vnf/components/sans/Clerk.py ...
Compiling /home/jbk/DANSE/vnf/vnf/components/sans/__init__.py ...
for x in Clerk.py __init__.py ; do { \
            if [ -f $x ]; then { \
                cp -f $x /home/jbk/dv/tools/pythia-0.8/modules/vnf/components/sans; \
                mv -f $x[cod] /home/jbk/dv/tools/pythia-0.8/modules/vnf/components/sans; \
                chmod +w /home/jbk/dv/tools/pythia-0.8/modules/vnf/components/sans/$x[cod]; \
            } fi; \
        } done
BLD_ACTION="export" /home/jbk/dv/config/make/mm --recursive recurse
make[7]: Entering directory `/home/jbk/DANSE/vnf/vnf/components/sans'
make[7]: `recurse' is up to date.
make[7]: Leaving directory `/home/jbk/DANSE/vnf/vnf/components/sans'
make[6]: Leaving directory `/home/jbk/DANSE/vnf/vnf/components/sans'
 --- Done with "sans"
 --- Entering "tutorials"
cd tutorials; /home/jbk/dv/config/make/mm --recursive export; cd ..
make[6]: Entering directory `/home/jbk/DANSE/vnf/vnf/components/tutorials'
mkdir -p /home/jbk/dv/tools/pythia-0.8/modules/vnf/components/tutorials
/usr/bin/python /usr/lib/python2.5/compileall.py -l `pwd`
Listing /home/jbk/DANSE/vnf/vnf/components/tutorials ...
Compiling /home/jbk/DANSE/vnf/vnf/components/tutorials/Clerk.py ...
Compiling /home/jbk/DANSE/vnf/vnf/components/tutorials/__init__.py ...
for x in Clerk.py __init__.py ; do { \
            if [ -f $x ]; then { \
                cp -f $x /home/jbk/dv/tools/pythia-0.8/modules/vnf/components/tutorials; \
                mv -f $x[cod] /home/jbk/dv/tools/pythia-0.8/modules/vnf/components/tutorials; \
                chmod +w /home/jbk/dv/tools/pythia-0.8/modules/vnf/components/tutorials/$x[cod]; \
            } fi; \
        } done
BLD_ACTION="export" /home/jbk/dv/config/make/mm --recursive recurse
make[7]: Entering directory `/home/jbk/DANSE/vnf/vnf/components/tutorials'
make[7]: `recurse' is up to date.
make[7]: Leaving directory `/home/jbk/DANSE/vnf/vnf/components/tutorials'
make[6]: Leaving directory `/home/jbk/DANSE/vnf/vnf/components/tutorials'
 --- Done with "tutorials"
make[5]: Leaving directory `/home/jbk/DANSE/vnf/vnf/components'
make[4]: Leaving directory `/home/jbk/DANSE/vnf/vnf/components'
 --- Done with "components"
 --- Entering "applications"
cd applications; /home/jbk/dv/config/make/mm --recursive export; cd ..
make[4]: Entering directory `/home/jbk/DANSE/vnf/vnf/applications'
mkdir -p /home/jbk/dv/tools/pythia-0.8/modules/vnf/applications
/usr/bin/python /usr/lib/python2.5/compileall.py -l `pwd`
Listing /home/jbk/DANSE/vnf/vnf/applications ...
Compiling /home/jbk/DANSE/vnf/vnf/applications/LaunchDetached.py ...
Compiling /home/jbk/DANSE/vnf/vnf/applications/MigrateTable.py ...
Compiling /home/jbk/DANSE/vnf/vnf/applications/RetrieveResults.py ...
Compiling /home/jbk/DANSE/vnf/vnf/applications/SubmitJob.py ...
Compiling /home/jbk/DANSE/vnf/vnf/applications/WebApplication.py ...
Compiling /home/jbk/DANSE/vnf/vnf/applications/__init__.py ...
Compiling /home/jbk/DANSE/vnf/vnf/applications/configurationSaver.py ...
for x in configurationSaver.py LaunchDetached.py MigrateTable.py RetrieveResults.py SubmitJob.py WebApplication.py __init__.py; do { \
            if [ -f $x ]; then { \
                cp -f $x /home/jbk/dv/tools/pythia-0.8/modules/vnf/applications; \
                mv -f $x[cod] /home/jbk/dv/tools/pythia-0.8/modules/vnf/applications; \
                chmod +w /home/jbk/dv/tools/pythia-0.8/modules/vnf/applications/$x[cod]; \
            } fi; \
        } done
make[4]: Leaving directory `/home/jbk/DANSE/vnf/vnf/applications'
 --- Done with "applications"
 --- Entering "content"
cd content; /home/jbk/dv/config/make/mm --recursive export; cd ..
make[4]: Entering directory `/home/jbk/DANSE/vnf/vnf/content'
mkdir -p /home/jbk/dv/tools/pythia-0.8/modules/vnf/content
/usr/bin/python /usr/lib/python2.5/compileall.py -l `pwd`
Listing /home/jbk/DANSE/vnf/vnf/content ...
Compiling /home/jbk/DANSE/vnf/vnf/content/Action.py ...
Compiling /home/jbk/DANSE/vnf/vnf/content/ActionRequireAuthentication.py ...
Compiling /home/jbk/DANSE/vnf/vnf/content/Image.py ...
Compiling /home/jbk/DANSE/vnf/vnf/content/Page.py ...
Compiling /home/jbk/DANSE/vnf/vnf/content/Plot_2D.py ...
Compiling /home/jbk/DANSE/vnf/vnf/content/SheetView.py ...
Compiling /home/jbk/DANSE/vnf/vnf/content/SlidableGallery.py ...
Compiling /home/jbk/DANSE/vnf/vnf/content/Table.py ...
Compiling /home/jbk/DANSE/vnf/vnf/content/TreeView.py ...
Compiling /home/jbk/DANSE/vnf/vnf/content/__init__.py ...
for x in Action.py ActionRequireAuthentication.py Image.py Page.py Plot_2D.py SheetView.py SlidableGallery.py Table.py TreeView.py __init__.py; do { \
            if [ -f $x ]; then { \
                cp -f $x /home/jbk/dv/tools/pythia-0.8/modules/vnf/content; \
                mv -f $x[cod] /home/jbk/dv/tools/pythia-0.8/modules/vnf/content; \
                chmod +w /home/jbk/dv/tools/pythia-0.8/modules/vnf/content/$x[cod]; \
            } fi; \
        } done
BLD_ACTION="export" /home/jbk/dv/config/make/mm --recursive recurse
make[5]: Entering directory `/home/jbk/DANSE/vnf/vnf/content'
make[5]: `recurse' is up to date.
make[5]: Leaving directory `/home/jbk/DANSE/vnf/vnf/content'
make[4]: Leaving directory `/home/jbk/DANSE/vnf/vnf/content'
 --- Done with "content"
 --- Entering "dom"
cd dom; /home/jbk/dv/config/make/mm --recursive export; cd ..
make[4]: Entering directory `/home/jbk/DANSE/vnf/vnf/dom'
mkdir -p /home/jbk/dv/tools/pythia-0.8/modules/vnf/dom
/usr/bin/python /usr/lib/python2.5/compileall.py -l `pwd`
Listing /home/jbk/DANSE/vnf/vnf/dom ...
Compiling /home/jbk/DANSE/vnf/vnf/dom/AbInitio.py ...
Compiling /home/jbk/DANSE/vnf/vnf/dom/Block.py ...
Compiling /home/jbk/DANSE/vnf/vnf/dom/Computation.py ...
Compiling /home/jbk/DANSE/vnf/vnf/dom/ComputationResult.py ...
Compiling /home/jbk/DANSE/vnf/vnf/dom/Crystal.py ...
Compiling /home/jbk/DANSE/vnf/vnf/dom/Cylinder.py ...
Compiling /home/jbk/DANSE/vnf/vnf/dom/DbObject.py ...
Compiling /home/jbk/DANSE/vnf/vnf/dom/Disordered.py ...
Compiling /home/jbk/DANSE/vnf/vnf/dom/DummyDataObject.py ...
Compiling /home/jbk/DANSE/vnf/vnf/dom/Geometer.py ...
Compiling /home/jbk/DANSE/vnf/vnf/dom/GulpSimulation.py ...
Compiling /home/jbk/DANSE/vnf/vnf/dom/Instrument.py ...
Compiling /home/jbk/DANSE/vnf/vnf/dom/InstrumentConfiguration.py ...
Compiling /home/jbk/DANSE/vnf/vnf/dom/Job.py ...
Compiling /home/jbk/DANSE/vnf/vnf/dom/MaterialModeling.py ...
Compiling /home/jbk/DANSE/vnf/vnf/dom/MaterialSimulation.py ...
Compiling /home/jbk/DANSE/vnf/vnf/dom/MatterBase.py ...
Compiling /home/jbk/DANSE/vnf/vnf/dom/MmtkSimulation.py ...
Compiling /home/jbk/DANSE/vnf/vnf/dom/NeutronComponent.py ...
Compiling /home/jbk/DANSE/vnf/vnf/dom/NeutronExperiment.py ...
Compiling /home/jbk/DANSE/vnf/vnf/dom/OwnedObject.py ...
Compiling /home/jbk/DANSE/vnf/vnf/dom/PolyCrystal.py ...
Compiling /home/jbk/DANSE/vnf/vnf/dom/ReferenceSet.py ...
Compiling /home/jbk/DANSE/vnf/vnf/dom/Sample.py ...
Compiling /home/jbk/DANSE/vnf/vnf/dom/SampleAssembly.py ...
Compiling /home/jbk/DANSE/vnf/vnf/dom/SampleEnvironment.py ...
Compiling /home/jbk/DANSE/vnf/vnf/dom/Scatterer.py ...
Compiling /home/jbk/DANSE/vnf/vnf/dom/ScattererExample.py ...
Compiling /home/jbk/DANSE/vnf/vnf/dom/ScatteringKernel.py ...
Compiling /home/jbk/DANSE/vnf/vnf/dom/Server.py ...
Compiling /home/jbk/DANSE/vnf/vnf/dom/Shape.py ...
Compiling /home/jbk/DANSE/vnf/vnf/dom/SingleCrystal.py ...
Compiling /home/jbk/DANSE/vnf/vnf/dom/SqeFromMd.py ...
Compiling /home/jbk/DANSE/vnf/vnf/dom/Table.py ...
Compiling /home/jbk/DANSE/vnf/vnf/dom/User.py ...
Compiling /home/jbk/DANSE/vnf/vnf/dom/__init__.py ...
Compiling /home/jbk/DANSE/vnf/vnf/dom/_all_tables.py ...
Compiling /home/jbk/DANSE/vnf/vnf/dom/_geometer.py ...
Compiling /home/jbk/DANSE/vnf/vnf/dom/_hidden_tables.py ...
Compiling /home/jbk/DANSE/vnf/vnf/dom/_referenceset.py ...
Compiling /home/jbk/DANSE/vnf/vnf/dom/idgenerator.py ...
Compiling /home/jbk/DANSE/vnf/vnf/dom/registry.py ...
for x in AbInitio.py Block.py Computation.py ComputationResult.py Crystal.py Cylinder.py DbObject.py DummyDataObject.py Disordered.py Geometer.py GulpSimulation.py Instrument.py InstrumentConfiguration.py Job.py MaterialModeling.py MaterialSimulation.py MatterBase.py MmtkSimulation.py NeutronComponent.py NeutronExperiment.py OwnedObject.py PolyCrystal.py ReferenceSet.py Sample.py SampleAssembly.py SampleEnvironment.py Scatterer.py ScattererExample.py ScatteringKernel.py Server.py Shape.py SingleCrystal.py SqeFromMd.py Table.py User.py idgenerator.py registry.py _all_tables.py _geometer.py _hidden_tables.py _referenceset.py __init__.py ; do { \
            if [ -f $x ]; then { \
                cp -f $x /home/jbk/dv/tools/pythia-0.8/modules/vnf/dom; \
                mv -f $x[cod] /home/jbk/dv/tools/pythia-0.8/modules/vnf/dom; \
                chmod +w /home/jbk/dv/tools/pythia-0.8/modules/vnf/dom/$x[cod]; \
            } fi; \
        } done
BLD_ACTION="export" /home/jbk/dv/config/make/mm --recursive recurse
make[5]: Entering directory `/home/jbk/DANSE/vnf/vnf/dom'
 --- Entering "ins"
cd ins; /home/jbk/dv/config/make/mm --recursive export; cd ..
make[6]: Entering directory `/home/jbk/DANSE/vnf/vnf/dom/ins'
mkdir -p /home/jbk/dv/tools/pythia-0.8/modules/vnf/dom/ins
/usr/bin/python /usr/lib/python2.5/compileall.py -l `pwd`
Listing /home/jbk/DANSE/vnf/vnf/dom/ins ...
Compiling /home/jbk/DANSE/vnf/vnf/dom/ins/BvKComputation.py ...
Compiling /home/jbk/DANSE/vnf/vnf/dom/ins/BvKModel.py ...
Compiling /home/jbk/DANSE/vnf/vnf/dom/ins/IDFPhononDispersion.py ...
Compiling /home/jbk/DANSE/vnf/vnf/dom/ins/MaterialModeling.py ...
Compiling /home/jbk/DANSE/vnf/vnf/dom/ins/OwnedObject.py ...
Compiling /home/jbk/DANSE/vnf/vnf/dom/ins/PhononDOS.py ...
Compiling /home/jbk/DANSE/vnf/vnf/dom/ins/PhononDispersion.py ...
Compiling /home/jbk/DANSE/vnf/vnf/dom/ins/PolyCrystal.py ...
Compiling /home/jbk/DANSE/vnf/vnf/dom/ins/PolyXtalCoherentPhononScatteringKernel.py ...
Compiling /home/jbk/DANSE/vnf/vnf/dom/ins/ScatteringKernel.py ...
Compiling /home/jbk/DANSE/vnf/vnf/dom/ins/__init__.py ...
Compiling /home/jbk/DANSE/vnf/vnf/dom/ins/_all_tables.py ...
Compiling /home/jbk/DANSE/vnf/vnf/dom/ins/registry.py ...
for x in BvKComputation.py BvKModel.py IDFPhononDispersion.py MaterialModeling.py OwnedObject.py PhononDispersion.py PhononDOS.py PolyCrystal.py PolyXtalCoherentPhononScatteringKernel.py ScatteringKernel.py __init__.py _all_tables.py registry.py ; do { \
            if [ -f $x ]; then { \
                cp -f $x /home/jbk/dv/tools/pythia-0.8/modules/vnf/dom/ins; \
                mv -f $x[cod] /home/jbk/dv/tools/pythia-0.8/modules/vnf/dom/ins; \
                chmod +w /home/jbk/dv/tools/pythia-0.8/modules/vnf/dom/ins/$x[cod]; \
            } fi; \
        } done
BLD_ACTION="export" /home/jbk/dv/config/make/mm --recursive recurse
make[7]: Entering directory `/home/jbk/DANSE/vnf/vnf/dom/ins'
make[7]: `recurse' is up to date.
make[7]: Leaving directory `/home/jbk/DANSE/vnf/vnf/dom/ins'
make[6]: Leaving directory `/home/jbk/DANSE/vnf/vnf/dom/ins'
 --- Done with "ins"
 --- Entering "sans"
cd sans; /home/jbk/dv/config/make/mm --recursive export; cd ..
make[6]: Entering directory `/home/jbk/DANSE/vnf/vnf/dom/sans'
mkdir -p /home/jbk/dv/tools/pythia-0.8/modules/vnf/dom/sans
/usr/bin/python /usr/lib/python2.5/compileall.py -l `pwd`
Listing /home/jbk/DANSE/vnf/vnf/dom/sans ...
Compiling /home/jbk/DANSE/vnf/vnf/dom/sans/SANSSphereModelKernel.py ...
Compiling /home/jbk/DANSE/vnf/vnf/dom/sans/ScatteringKernel.py ...
Compiling /home/jbk/DANSE/vnf/vnf/dom/sans/__init__.py ...
Compiling /home/jbk/DANSE/vnf/vnf/dom/sans/_all_tables.py ...
Compiling /home/jbk/DANSE/vnf/vnf/dom/sans/registry.py ...
for x in SANSSphereModelKernel.py ScatteringKernel.py __init__.py _all_tables.py registry.py ; do { \
            if [ -f $x ]; then { \
                cp -f $x /home/jbk/dv/tools/pythia-0.8/modules/vnf/dom/sans; \
                mv -f $x[cod] /home/jbk/dv/tools/pythia-0.8/modules/vnf/dom/sans; \
                chmod +w /home/jbk/dv/tools/pythia-0.8/modules/vnf/dom/sans/$x[cod]; \
            } fi; \
        } done
BLD_ACTION="export" /home/jbk/dv/config/make/mm --recursive recurse
make[7]: Entering directory `/home/jbk/DANSE/vnf/vnf/dom/sans'
make[7]: `recurse' is up to date.
make[7]: Leaving directory `/home/jbk/DANSE/vnf/vnf/dom/sans'
make[6]: Leaving directory `/home/jbk/DANSE/vnf/vnf/dom/sans'
 --- Done with "sans"
 --- Entering "tutorials"
cd tutorials; /home/jbk/dv/config/make/mm --recursive export; cd ..
make[6]: Entering directory `/home/jbk/DANSE/vnf/vnf/dom/tutorials'
mkdir -p /home/jbk/dv/tools/pythia-0.8/modules/vnf/dom/tutorials
/usr/bin/python /usr/lib/python2.5/compileall.py -l `pwd`
Listing /home/jbk/DANSE/vnf/vnf/dom/tutorials ...
Compiling /home/jbk/DANSE/vnf/vnf/dom/tutorials/MaterialModeling.py ...
Compiling /home/jbk/DANSE/vnf/vnf/dom/tutorials/OwnedObject.py ...
Compiling /home/jbk/DANSE/vnf/vnf/dom/tutorials/SimpleIQComputation.py ...
Compiling /home/jbk/DANSE/vnf/vnf/dom/tutorials/SinIQModel.py ...
Compiling /home/jbk/DANSE/vnf/vnf/dom/tutorials/__init__.py ...
Compiling /home/jbk/DANSE/vnf/vnf/dom/tutorials/_all_tables.py ...
Compiling /home/jbk/DANSE/vnf/vnf/dom/tutorials/registry.py ...
for x in MaterialModeling.py OwnedObject.py SimpleIQComputation.py SinIQModel.py __init__.py _all_tables.py registry.py ; do { \
            if [ -f $x ]; then { \
                cp -f $x /home/jbk/dv/tools/pythia-0.8/modules/vnf/dom/tutorials; \
                mv -f $x[cod] /home/jbk/dv/tools/pythia-0.8/modules/vnf/dom/tutorials; \
                chmod +w /home/jbk/dv/tools/pythia-0.8/modules/vnf/dom/tutorials/$x[cod]; \
            } fi; \
        } done
BLD_ACTION="export" /home/jbk/dv/config/make/mm --recursive recurse
make[7]: Entering directory `/home/jbk/DANSE/vnf/vnf/dom/tutorials'
make[7]: `recurse' is up to date.
make[7]: Leaving directory `/home/jbk/DANSE/vnf/vnf/dom/tutorials'
make[6]: Leaving directory `/home/jbk/DANSE/vnf/vnf/dom/tutorials'
 --- Done with "tutorials"
 --- Entering "instruments"
cd instruments; /home/jbk/dv/config/make/mm --recursive export; cd ..
make[6]: Entering directory `/home/jbk/DANSE/vnf/vnf/dom/instruments'
mkdir -p /home/jbk/dv/tools/pythia-0.8/modules/vnf/dom/instruments
/usr/bin/python /usr/lib/python2.5/compileall.py -l `pwd`
Listing /home/jbk/DANSE/vnf/vnf/dom/instruments ...
Compiling /home/jbk/DANSE/vnf/vnf/dom/instruments/ARCS_beam.py ...
Compiling /home/jbk/DANSE/vnf/vnf/dom/instruments/Pharos.py ...
Compiling /home/jbk/DANSE/vnf/vnf/dom/instruments/Powgen3.py ...
Compiling /home/jbk/DANSE/vnf/vnf/dom/instruments/SANS_NG7.py ...
Compiling /home/jbk/DANSE/vnf/vnf/dom/instruments/SEQUOIA.py ...
Compiling /home/jbk/DANSE/vnf/vnf/dom/instruments/Test.py ...
Compiling /home/jbk/DANSE/vnf/vnf/dom/instruments/VULCAN.py ...
Compiling /home/jbk/DANSE/vnf/vnf/dom/instruments/__init__.py ...
Compiling /home/jbk/DANSE/vnf/vnf/dom/instruments/_utils.py ...
for x in Test.py ARCS_beam.py Pharos.py Powgen3.py SANS_NG7.py SEQUOIA.py VULCAN.py __init__.py _utils.py ; do { \
            if [ -f $x ]; then { \
                cp -f $x /home/jbk/dv/tools/pythia-0.8/modules/vnf/dom/instruments; \
                mv -f $x[cod] /home/jbk/dv/tools/pythia-0.8/modules/vnf/dom/instruments; \
                chmod +w /home/jbk/dv/tools/pythia-0.8/modules/vnf/dom/instruments/$x[cod]; \
            } fi; \
        } done
BLD_ACTION="export" /home/jbk/dv/config/make/mm --recursive recurse
make[7]: Entering directory `/home/jbk/DANSE/vnf/vnf/dom/instruments'
make[7]: `recurse' is up to date.
make[7]: Leaving directory `/home/jbk/DANSE/vnf/vnf/dom/instruments'
make[6]: Leaving directory `/home/jbk/DANSE/vnf/vnf/dom/instruments'
 --- Done with "instruments"
 --- Entering "neutron_components"
cd neutron_components; /home/jbk/dv/config/make/mm --recursive export; cd ..
make[6]: Entering directory `/home/jbk/DANSE/vnf/vnf/dom/neutron_components'
mkdir -p /home/jbk/dv/tools/pythia-0.8/modules/vnf/dom/neutron_components
/usr/bin/python /usr/lib/python2.5/compileall.py -l `pwd`
Listing /home/jbk/DANSE/vnf/vnf/dom/neutron_components ...
Compiling /home/jbk/DANSE/vnf/vnf/dom/neutron_components/ChanneledGuide.py ...
Compiling /home/jbk/DANSE/vnf/vnf/dom/neutron_components/DetectorSystem_fromXML.py ...
Compiling /home/jbk/DANSE/vnf/vnf/dom/neutron_components/FermiChopper.py ...
Compiling /home/jbk/DANSE/vnf/vnf/dom/neutron_components/MonochromaticSource.py ...
Compiling /home/jbk/DANSE/vnf/vnf/dom/neutron_components/NeutronComponent.py ...
Compiling /home/jbk/DANSE/vnf/vnf/dom/neutron_components/NeutronRecorder.py ...
Compiling /home/jbk/DANSE/vnf/vnf/dom/neutron_components/QEMonitor.py ...
Compiling /home/jbk/DANSE/vnf/vnf/dom/neutron_components/QMonitor.py ...
Compiling /home/jbk/DANSE/vnf/vnf/dom/neutron_components/SNSModerator.py ...
Compiling /home/jbk/DANSE/vnf/vnf/dom/neutron_components/SNSModeratorMCSimulatedData.py ...
Compiling /home/jbk/DANSE/vnf/vnf/dom/neutron_components/SampleComponent.py ...
Compiling /home/jbk/DANSE/vnf/vnf/dom/neutron_components/T0Chopper.py ...
Compiling /home/jbk/DANSE/vnf/vnf/dom/neutron_components/TofMonitor.py ...
Compiling /home/jbk/DANSE/vnf/vnf/dom/neutron_components/__init__.py ...
Compiling /home/jbk/DANSE/vnf/vnf/dom/neutron_components/_all_tables.py ...
Compiling /home/jbk/DANSE/vnf/vnf/dom/neutron_components/registry.py ...
for x in NeutronComponent.py MonochromaticSource.py SNSModerator.py SNSModeratorMCSimulatedData.py ChanneledGuide.py T0Chopper.py FermiChopper.py SampleComponent.py QEMonitor.py QMonitor.py TofMonitor.py DetectorSystem_fromXML.py NeutronRecorder.py __init__.py _all_tables.py registry.py ; do { \
            if [ -f $x ]; then { \
                cp -f $x /home/jbk/dv/tools/pythia-0.8/modules/vnf/dom/neutron_components; \
                mv -f $x[cod] /home/jbk/dv/tools/pythia-0.8/modules/vnf/dom/neutron_components; \
                chmod +w /home/jbk/dv/tools/pythia-0.8/modules/vnf/dom/neutron_components/$x[cod]; \
            } fi; \
        } done
BLD_ACTION="export" /home/jbk/dv/config/make/mm --recursive recurse
make[7]: Entering directory `/home/jbk/DANSE/vnf/vnf/dom/neutron_components'
make[7]: `recurse' is up to date.
make[7]: Leaving directory `/home/jbk/DANSE/vnf/vnf/dom/neutron_components'
make[6]: Leaving directory `/home/jbk/DANSE/vnf/vnf/dom/neutron_components'
 --- Done with "neutron_components"
make[5]: Leaving directory `/home/jbk/DANSE/vnf/vnf/dom'
make[4]: Leaving directory `/home/jbk/DANSE/vnf/vnf/dom'
 --- Done with "dom"
 --- Entering "forms"
cd forms; /home/jbk/dv/config/make/mm --recursive export; cd ..
make[4]: Entering directory `/home/jbk/DANSE/vnf/vnf/forms'
mkdir -p /home/jbk/dv/tools/pythia-0.8/modules/vnf/forms
/usr/bin/python /usr/lib/python2.5/compileall.py -l `pwd`
Listing /home/jbk/DANSE/vnf/vnf/forms ...
Compiling /home/jbk/DANSE/vnf/vnf/forms/Block.py ...
Compiling /home/jbk/DANSE/vnf/vnf/forms/ConfigureNeutronScatterer.py ...
Compiling /home/jbk/DANSE/vnf/vnf/forms/Cylinder.py ...
Compiling /home/jbk/DANSE/vnf/vnf/forms/DBObjectForm.py ...
Compiling /home/jbk/DANSE/vnf/vnf/forms/__init__.py ...
for x in ARCS_simple.py DBObjectForm.py Block.py ConfigureNeutronScatterer.py Cylinder.py SANS_NG7.py __init__.py ; do { \
            if [ -f $x ]; then { \
                cp -f $x /home/jbk/dv/tools/pythia-0.8/modules/vnf/forms; \
                mv -f $x[cod] /home/jbk/dv/tools/pythia-0.8/modules/vnf/forms; \
                chmod +w /home/jbk/dv/tools/pythia-0.8/modules/vnf/forms/$x[cod]; \
            } fi; \
        } done
make[4]: Leaving directory `/home/jbk/DANSE/vnf/vnf/forms'
 --- Done with "forms"
 --- Entering "weaver"
cd weaver; /home/jbk/dv/config/make/mm --recursive export; cd ..
make[4]: Entering directory `/home/jbk/DANSE/vnf/vnf/weaver'
mkdir -p /home/jbk/dv/tools/pythia-0.8/modules/vnf/weaver
/usr/bin/python /usr/lib/python2.5/compileall.py -l `pwd`
Listing /home/jbk/DANSE/vnf/vnf/weaver ...
Compiling /home/jbk/DANSE/vnf/vnf/weaver/ActionHrefRenderer.py ...
Compiling /home/jbk/DANSE/vnf/vnf/weaver/ActionLinkRenderer.py ...
Compiling /home/jbk/DANSE/vnf/vnf/weaver/ActionMill_forForm.py ...
Compiling /home/jbk/DANSE/vnf/vnf/weaver/DocumentMill.py ...
Compiling /home/jbk/DANSE/vnf/vnf/weaver/DocumentMillExtensions.py ...
Compiling /home/jbk/DANSE/vnf/vnf/weaver/Plot_2DMill.py ...
Compiling /home/jbk/DANSE/vnf/vnf/weaver/StructuralMill.py ...
Compiling /home/jbk/DANSE/vnf/vnf/weaver/TableMill.py ...
Compiling /home/jbk/DANSE/vnf/vnf/weaver/TreeViewMill.py ...
Compiling /home/jbk/DANSE/vnf/vnf/weaver/__init__.py ...
for x in AccordionMill.py ActionLinkRenderer.py ActionHrefRenderer.py ActionMill_forForm.py DocumentMill.py DocumentMillExtensions.py Plot_2DMill.py StructuralMill.py TableMill.py TreeViewMill.py __init__.py ; do { \
            if [ -f $x ]; then { \
                cp -f $x /home/jbk/dv/tools/pythia-0.8/modules/vnf/weaver; \
                mv -f $x[cod] /home/jbk/dv/tools/pythia-0.8/modules/vnf/weaver; \
                chmod +w /home/jbk/dv/tools/pythia-0.8/modules/vnf/weaver/$x[cod]; \
            } fi; \
        } done
BLD_ACTION="export" /home/jbk/dv/config/make/mm --recursive recurse
make[5]: Entering directory `/home/jbk/DANSE/vnf/vnf/weaver'
make[5]: `recurse' is up to date.
make[5]: Leaving directory `/home/jbk/DANSE/vnf/vnf/weaver'
make[4]: Leaving directory `/home/jbk/DANSE/vnf/vnf/weaver'
 --- Done with "weaver"
 --- Entering "inventory"
cd inventory; /home/jbk/dv/config/make/mm --recursive export; cd ..
make[4]: Entering directory `/home/jbk/DANSE/vnf/vnf/inventory'
mkdir -p /home/jbk/dv/tools/pythia-0.8/modules/vnf/inventory
/usr/bin/python /usr/lib/python2.5/compileall.py -l `pwd`
Listing /home/jbk/DANSE/vnf/vnf/inventory ...
Compiling /home/jbk/DANSE/vnf/vnf/inventory/DataObject.py ...
Compiling /home/jbk/DANSE/vnf/vnf/inventory/Form.py ...
Compiling /home/jbk/DANSE/vnf/vnf/inventory/Geometer.py ...
Compiling /home/jbk/DANSE/vnf/vnf/inventory/__init__.py ...
for x in DataObject.py Form.py Geometer.py __init__.py ; do { \
            if [ -f $x ]; then { \
                cp -f $x /home/jbk/dv/tools/pythia-0.8/modules/vnf/inventory; \
                mv -f $x[cod] /home/jbk/dv/tools/pythia-0.8/modules/vnf/inventory; \
                chmod +w /home/jbk/dv/tools/pythia-0.8/modules/vnf/inventory/$x[cod]; \
            } fi; \
        } done
BLD_ACTION="export" /home/jbk/dv/config/make/mm --recursive recurse
make[5]: Entering directory `/home/jbk/DANSE/vnf/vnf/inventory'
make[5]: `recurse' is up to date.
make[5]: Leaving directory `/home/jbk/DANSE/vnf/vnf/inventory'
make[4]: Leaving directory `/home/jbk/DANSE/vnf/vnf/inventory'
 --- Done with "inventory"
 --- Entering "services"
cd services; /home/jbk/dv/config/make/mm --recursive export; cd ..
make[4]: Entering directory `/home/jbk/DANSE/vnf/vnf/services'
mkdir -p /home/jbk/dv/tools/pythia-0.8/modules/vnf/services
/usr/bin/python /usr/lib/python2.5/compileall.py -l `pwd`
Listing /home/jbk/DANSE/vnf/vnf/services ...
Compiling /home/jbk/DANSE/vnf/vnf/services/JSUDaemon.py ...
Compiling /home/jbk/DANSE/vnf/vnf/services/JobStatusUpdater.py ...
Compiling /home/jbk/DANSE/vnf/vnf/services/Pickler.py ...
Compiling /home/jbk/DANSE/vnf/vnf/services/__init__.py ...
for x in JobStatusUpdater.py JSUDaemon.py Pickler.py __init__.py ; do { \
            if [ -f $x ]; then { \
                cp -f $x /home/jbk/dv/tools/pythia-0.8/modules/vnf/services; \
                mv -f $x[cod] /home/jbk/dv/tools/pythia-0.8/modules/vnf/services; \
                chmod +w /home/jbk/dv/tools/pythia-0.8/modules/vnf/services/$x[cod]; \
            } fi; \
        } done
make[4]: Leaving directory `/home/jbk/DANSE/vnf/vnf/services'
 --- Done with "services"
 --- Entering "utils"
cd utils; /home/jbk/dv/config/make/mm --recursive export; cd ..
make[4]: Entering directory `/home/jbk/DANSE/vnf/vnf/utils'
mkdir -p /home/jbk/dv/tools/pythia-0.8/modules/vnf/utils
/usr/bin/python /usr/lib/python2.5/compileall.py -l `pwd`
Listing /home/jbk/DANSE/vnf/vnf/utils ...
Compiling /home/jbk/DANSE/vnf/vnf/utils/__init__.py ...
Compiling /home/jbk/DANSE/vnf/vnf/utils/spawn.py ...
for x in spawn.py __init__.py ; do { \
            if [ -f $x ]; then { \
                cp -f $x /home/jbk/dv/tools/pythia-0.8/modules/vnf/utils; \
                mv -f $x[cod] /home/jbk/dv/tools/pythia-0.8/modules/vnf/utils; \
                chmod +w /home/jbk/dv/tools/pythia-0.8/modules/vnf/utils/$x[cod]; \
            } fi; \
        } done
BLD_ACTION="export" /home/jbk/dv/config/make/mm --recursive recurse
make[5]: Entering directory `/home/jbk/DANSE/vnf/vnf/utils'
make[5]: `recurse' is up to date.
make[5]: Leaving directory `/home/jbk/DANSE/vnf/vnf/utils'
make[4]: Leaving directory `/home/jbk/DANSE/vnf/vnf/utils'
 --- Done with "utils"
make[3]: Leaving directory `/home/jbk/DANSE/vnf/vnf'
make[2]: Leaving directory `/home/jbk/DANSE/vnf/vnf'
 --- Done with "vnf"
 --- Entering "dds"
cd dds; /home/jbk/dv/config/make/mm --recursive all; cd ..
make[2]: Entering directory `/home/jbk/DANSE/vnf/dds'
/usr/bin/python /usr/lib/python2.5/compileall.py -l `pwd`
Listing /home/jbk/DANSE/vnf/dds ...
Compiling /home/jbk/DANSE/vnf/dds/DDS.py ...
Compiling /home/jbk/DANSE/vnf/dds/Node.py ...
Compiling /home/jbk/DANSE/vnf/dds/__init__.py ...
for x in DDS.py Node.py __init__.py; do { \
            if [ -f $x ]; then { \
                cp -f $x /home/jbk/dv/tools/pythia-0.8/modules/dds; \
                mv -f $x[cod] /home/jbk/dv/tools/pythia-0.8/modules/dds; \
                chmod +w /home/jbk/dv/tools/pythia-0.8/modules/dds/$x[cod]; \
            } fi; \
        } done
BLD_ACTION="export" /home/jbk/dv/config/make/mm --recursive recurse
make[3]: Entering directory `/home/jbk/DANSE/vnf/dds'
make[3]: `recurse' is up to date.
make[3]: Leaving directory `/home/jbk/DANSE/vnf/dds'
make[2]: Leaving directory `/home/jbk/DANSE/vnf/dds'
 --- Done with "dds"
make[1]: Leaving directory `/home/jbk/DANSE/vnf'
