 ******************************************************************************
 * Main configuration file                                                     
 ******************************************************************************
 EQUIVALENT STATES
 EQ ET - EQ PL ET - EQ ST - EQ ETR - EQ PL ETR
  - EQ STR - VOLUME - PRESSURE - WTOT - WPLTOT
  - STET - STETAV
 ******************************************************************************
   0.6938D-03  0.9899D-19  0.5212D-01  0.6938D-03  0.9899D-19  0.5212D-01 -0.1879D-03  0.1419D-01  0.3192D-04  0.0000D+00  0.3192D-04  0.2990D-04
   0.1388D-02  0.3824D-07  0.1042D+00  0.6937D-03  0.3824D-07  0.5213D-01 -0.3758D-03  0.2837D-01  0.3142D+01 -0.3247D-08  0.1277D-03  0.1196D-03
   0.2081D-02  0.7860D-07  0.1564D+00  0.6937D-03  0.4036D-07  0.5213D-01 -0.5637D-03  0.4256D-01  0.9576D-04 -0.5141D-08  0.2873D-03  0.2691D-03
   0.2775D-02  0.1191D-06  0.2085D+00  0.6937D-03  0.4048D-07  0.5213D-01 -0.7516D-03  0.5675D-01  0.3142D+01 -0.6875D-08  0.5107D-03  0.4785D-03
   0.3474D-02  0.6760D-04  0.2560D+00  0.6987D-03  0.6772D-04  0.4746D-01 -0.9227D-03  0.6966D-01  0.1567D-03  0.1401D-04  0.7837D-03  0.7343D-03
   0.4179D-02  0.2259D-03  0.2972D+00  0.7054D-03  0.1583D-03  0.4122D-01 -0.1071D-02  0.8088D-01  0.3142D+01  0.3807D-04  0.1092D-02  0.1023D-02
   0.4885D-02  0.4046D-03  0.3370D+00  0.7070D-03  0.1787D-03  0.3983D-01 -0.1215D-02  0.9172D-01  0.2064D-03  0.4869D-04  0.1445D-02  0.1352D-02
   0.5592D-02  0.5855D-03  0.3767D+00  0.7072D-03  0.1809D-03  0.3967D-01 -0.1358D-02  0.1025D+00  0.3142D+01  0.5512D-04  0.1845D-02  0.1725D-02
   0.6300D-02  0.7712D-03  0.4160D+00  0.7076D-03  0.1857D-03  0.3934D-01 -0.1500D-02  0.1132D+00  0.2548D-03  0.6250D-04  0.2293D-02  0.2141D-02
   0.7008D-02  0.9622D-03  0.4550D+00  0.7080D-03  0.1910D-03  0.3897D-01 -0.1640D-02  0.1238D+00  0.3142D+01  0.7030D-04  0.2786D-02  0.2599D-02
   0.7716D-02  0.1158D-02  0.4936D+00  0.7083D-03  0.1961D-03  0.3862D-01 -0.1779D-02  0.1343D+00  0.3023D-03  0.7831D-04  0.3325D-02  0.3099D-02
   0.8424D-02  0.1360D-02  0.5319D+00  0.7087D-03  0.2013D-03  0.3826D-01 -0.1917D-02  0.1448D+00  0.3142D+01  0.8663D-04  0.3908D-02  0.3640D-02
   0.9133D-02  0.1566D-02  0.5698D+00  0.7092D-03  0.2065D-03  0.3790D-01 -0.2054D-02  0.1551D+00  0.3489D-03  0.9517D-04  0.4536D-02  0.4222D-02
   0.9843D-02  0.1778D-02  0.6073D+00  0.7096D-03  0.2117D-03  0.3754D-01 -0.2189D-02  0.1653D+00  0.3142D+01  0.1040D-03  0.5207D-02  0.4843D-02
   0.1055D-01  0.1995D-02  0.6445D+00  0.7100D-03  0.2173D-03  0.3716D-01 -0.2323D-02  0.1754D+00  0.3947D-03  0.1133D-03  0.5920D-02  0.5504D-02
   0.1126D-01  0.2218D-02  0.6812D+00  0.7105D-03  0.2232D-03  0.3675D-01 -0.2456D-02  0.1854D+00  0.3142D+01  0.1230D-03  0.6675D-02  0.6202D-02
   0.1197D-01  0.2447D-02  0.7176D+00  0.7109D-03  0.2291D-03  0.3634D-01 -0.2587D-02  0.1953D+00  0.4394D-03  0.1330D-03  0.7470D-02  0.6938D-02
   0.1269D-01  0.2683D-02  0.7535D+00  0.7114D-03  0.2353D-03  0.3592D-01 -0.2716D-02  0.2051D+00  0.3142D+01  0.1434D-03  0.8305D-02  0.7710D-02
   0.1340D-01  0.2924D-02  0.7890D+00  0.7119D-03  0.2416D-03  0.3549D-01 -0.2844D-02  0.2147D+00  0.4831D-03  0.1542D-03  0.9180D-02  0.8517D-02
   0.1411D-01  0.3173D-02  0.8240D+00  0.7125D-03  0.2483D-03  0.3503D-01 -0.2970D-02  0.2243D+00  0.3142D+01  0.1655D-03  0.1009D-01  0.9359D-02
   0.1482D-01  0.3428D-02  0.8585D+00  0.7130D-03  0.2554D-03  0.3454D-01 -0.3095D-02  0.2337D+00  0.5257D-03  0.1774D-03  0.1104D-01  0.1023D-01
   0.1554D-01  0.3691D-02  0.8926D+00  0.7136D-03  0.2625D-03  0.3405D-01 -0.3218D-02  0.2429D+00  0.3142D+01  0.1896D-03  0.1203D-01  0.1114D-01
   0.1625D-01  0.3960D-02  0.9261D+00  0.7142D-03  0.2696D-03  0.3356D-01 -0.3339D-02  0.2521D+00  0.5671D-03  0.2020D-03  0.1304D-01  0.1208D-01
   0.1696D-01  0.4237D-02  0.9592D+00  0.7148D-03  0.2772D-03  0.3304D-01 -0.3458D-02  0.2611D+00  0.3142D+01  0.2150D-03  0.1410D-01  0.1305D-01
   0.1768D-01  0.4523D-02  0.9917D+00  0.7155D-03  0.2852D-03  0.3249D-01 -0.3575D-02  0.2699D+00  0.6073D-03  0.2287D-03  0.1518D-01  0.1405D-01
   0.1840D-01  0.4816D-02  0.1024D+01  0.7162D-03  0.2935D-03  0.3192D-01 -0.3690D-02  0.2786D+00  0.3142D+01  0.2429D-03  0.1630D-01  0.1507D-01
   0.1911D-01  0.5118D-02  0.1055D+01  0.7169D-03  0.3022D-03  0.3133D-01 -0.3803D-02  0.2871D+00  0.6460D-03  0.2578D-03  0.1744D-01  0.1612D-01
   0.1983D-01  0.5429D-02  0.1086D+01  0.7176D-03  0.3109D-03  0.3073D-01 -0.3914D-02  0.2955D+00  0.3142D+01  0.2728D-03  0.1862D-01  0.1720D-01
   0.2055D-01  0.5749D-02  0.1116D+01  0.7184D-03  0.3198D-03  0.3012D-01 -0.4022D-02  0.3037D+00  0.6833D-03  0.2884D-03  0.1982D-01  0.1830D-01
   0.2127D-01  0.6078D-02  0.1145D+01  0.7192D-03  0.3292D-03  0.2948D-01 -0.4128D-02  0.3117D+00  0.3142D+01  0.3047D-03  0.2104D-01  0.1942D-01
   0.2199D-01  0.6417D-02  0.1174D+01  0.7201D-03  0.3389D-03  0.2882D-01 -0.4232D-02  0.3195D+00  0.7190D-03  0.3214D-03  0.2229D-01  0.2056D-01
   0.2271D-01  0.6766D-02  0.1202D+01  0.7209D-03  0.3486D-03  0.2815D-01 -0.4334D-02  0.3272D+00  0.3142D+01  0.3386D-03  0.2356D-01  0.2173D-01
   0.2343D-01  0.7124D-02  0.1230D+01  0.7217D-03  0.3585D-03  0.2748D-01 -0.4433D-02  0.3347D+00  0.7530D-03  0.3560D-03  0.2485D-01  0.2291D-01
   0.2415D-01  0.7493D-02  0.1257D+01  0.7226D-03  0.3686D-03  0.2678D-01 -0.4529D-02  0.3420D+00  0.3142D+01  0.3741D-03  0.2616D-01  0.2410D-01
   0.2487D-01  0.7872D-02  0.1283D+01  0.7235D-03  0.3789D-03  0.2608D-01 -0.4624D-02  0.3491D+00  0.7854D-03  0.3924D-03  0.2749D-01  0.2531D-01
   0.2560D-01  0.8261D-02  0.1308D+01  0.7245D-03  0.3895D-03  0.2535D-01 -0.4715D-02  0.3560D+00  0.3142D+01  0.4113D-03  0.2883D-01  0.2654D-01
   0.2632D-01  0.8661D-02  0.1333D+01  0.7255D-03  0.4003D-03  0.2462D-01 -0.4804D-02  0.3627D+00  0.8160D-03  0.4306D-03  0.3019D-01  0.2777D-01
   0.2705D-01  0.9073D-02  0.1356D+01  0.7264D-03  0.4112D-03  0.2388D-01 -0.4890D-02  0.3692D+00  0.3142D+01  0.4502D-03  0.3156D-01  0.2902D-01
   0.2777D-01  0.9494D-02  0.1380D+01  0.7273D-03  0.4218D-03  0.2314D-01 -0.4973D-02  0.3755D+00  0.8448D-03  0.4697D-03  0.3295D-01  0.3028D-01
   0.2850D-01  0.9927D-02  0.1402D+01  0.7284D-03  0.4329D-03  0.2239D-01 -0.5054D-02  0.3816D+00  0.3142D+01  0.4897D-03  0.3434D-01  0.3154D-01
