 ******************************************************************************
 * Main configuration file                                                     
 ******************************************************************************
 COMPONENTS 11 22 33 OF SAMPLE STRAIN, STRESS, ELASTIC  STRAIN and AVACS
 ******************************************************************************
  0.0000D+00  0.0000D+00  0.0000D+00     0.0000D+00  0.0000D+00  0.0000D+00     0.0000D+00  0.0000D+00  0.0000D+00       0.0000
 -0.7500D-03  0.2551D-03  0.3070D-03    -0.4256D-01  0.0000D+00  0.0000D+00    -0.7500D-03  0.2551D-03  0.3070D-03       0.0000
 -0.1500D-02  0.5102D-03  0.6140D-03    -0.8512D-01  0.0000D+00  0.0000D+00    -0.1500D-02  0.5102D-03  0.6140D-03       0.0000
 -0.2250D-02  0.7653D-03  0.9210D-03    -0.1277D+00  0.0000D+00  0.0000D+00    -0.2250D-02  0.7653D-03  0.9210D-03       0.0000
 -0.3000D-02  0.1020D-02  0.1228D-02    -0.1702D+00  0.0000D+00  0.0000D+00    -0.3000D-02  0.1020D-02  0.1228D-02       0.0000
 -0.3750D-02  0.1278D-02  0.1549D-02    -0.2090D+00  0.0000D+00  0.0000D+00    -0.3683D-02  0.1253D-02  0.1508D-02       0.3620
 -0.4500D-02  0.1540D-02  0.1889D-02    -0.2427D+00  0.0000D+00  0.0000D+00    -0.4276D-02  0.1455D-02  0.1750D-02       1.4540
 -0.5250D-02  0.1802D-02  0.2233D-02    -0.2752D+00  0.0000D+00  0.0000D+00    -0.4849D-02  0.1649D-02  0.1985D-02       1.6290
 -0.6000D-02  0.2065D-02  0.2578D-02    -0.3076D+00  0.0000D+00  0.0000D+00    -0.5420D-02  0.1844D-02  0.2219D-02       1.6930
 -0.6750D-02  0.2327D-02  0.2923D-02    -0.3397D+00  0.0000D+00  0.0000D+00    -0.5986D-02  0.2036D-02  0.2450D-02       1.7280
 -0.7500D-02  0.2590D-02  0.3269D-02    -0.3715D+00  0.0000D+00  0.0000D+00    -0.6547D-02  0.2227D-02  0.2680D-02       1.7570
 -0.8250D-02  0.2854D-02  0.3617D-02    -0.4030D+00  0.0000D+00  0.0000D+00    -0.7102D-02  0.2416D-02  0.2907D-02       1.7720
 -0.9000D-02  0.3118D-02  0.3965D-02    -0.4343D+00  0.0000D+00  0.0000D+00    -0.7653D-02  0.2603D-02  0.3133D-02       1.7870
 -0.9750D-02  0.3382D-02  0.4315D-02    -0.4652D+00  0.0000D+00  0.0000D+00    -0.8198D-02  0.2789D-02  0.3356D-02       1.8060
 -0.1050D-01  0.3646D-02  0.4665D-02    -0.4959D+00  0.0000D+00  0.0000D+00    -0.8739D-02  0.2972D-02  0.3577D-02       1.8260
 -0.1125D-01  0.3910D-02  0.5017D-02    -0.5262D+00  0.0000D+00  0.0000D+00    -0.9273D-02  0.3154D-02  0.3796D-02       1.8430
 -0.1200D-01  0.4175D-02  0.5370D-02    -0.5562D+00  0.0000D+00  0.0000D+00    -0.9802D-02  0.3334D-02  0.4012D-02       1.8560
 -0.1275D-01  0.4439D-02  0.5724D-02    -0.5859D+00  0.0000D+00  0.0000D+00    -0.1033D-01  0.3512D-02  0.4226D-02       1.8710
 -0.1350D-01  0.4704D-02  0.6079D-02    -0.6152D+00  0.0000D+00  0.0000D+00    -0.1084D-01  0.3688D-02  0.4438D-02       1.8890
 -0.1425D-01  0.4970D-02  0.6436D-02    -0.6442D+00  0.0000D+00  0.0000D+00    -0.1135D-01  0.3861D-02  0.4647D-02       1.9180
 -0.1500D-01  0.5235D-02  0.6795D-02    -0.6728D+00  0.0000D+00  0.0000D+00    -0.1186D-01  0.4033D-02  0.4853D-02       1.9290
 -0.1575D-01  0.5501D-02  0.7154D-02    -0.7010D+00  0.0000D+00  0.0000D+00    -0.1235D-01  0.4202D-02  0.5057D-02       1.9260
 -0.1650D-01  0.5767D-02  0.7516D-02    -0.7288D+00  0.0000D+00  0.0000D+00    -0.1284D-01  0.4369D-02  0.5257D-02       1.9430
 -0.1725D-01  0.6033D-02  0.7879D-02    -0.7562D+00  0.0000D+00  0.0000D+00    -0.1333D-01  0.4533D-02  0.5455D-02       1.9590
 -0.1800D-01  0.6299D-02  0.8243D-02    -0.7832D+00  0.0000D+00  0.0000D+00    -0.1380D-01  0.4695D-02  0.5650D-02       1.9770
 -0.1875D-01  0.6565D-02  0.8610D-02    -0.8097D+00  0.0000D+00  0.0000D+00    -0.1427D-01  0.4854D-02  0.5841D-02       1.9990
 -0.1950D-01  0.6832D-02  0.8979D-02    -0.8358D+00  0.0000D+00  0.0000D+00    -0.1473D-01  0.5010D-02  0.6029D-02       2.0080
 -0.2025D-01  0.7098D-02  0.9349D-02    -0.8613D+00  0.0000D+00  0.0000D+00    -0.1518D-01  0.5163D-02  0.6213D-02       2.0150
 -0.2100D-01  0.7365D-02  0.9721D-02    -0.8864D+00  0.0000D+00  0.0000D+00    -0.1562D-01  0.5314D-02  0.6394D-02       2.0340
 -0.2175D-01  0.7631D-02  0.1010D-01    -0.9110D+00  0.0000D+00  0.0000D+00    -0.1606D-01  0.5461D-02  0.6572D-02       2.0470
 -0.2250D-01  0.7898D-02  0.1047D-01    -0.9351D+00  0.0000D+00  0.0000D+00    -0.1648D-01  0.5605D-02  0.6745D-02       2.0630
 -0.2325D-01  0.8164D-02  0.1085D-01    -0.9586D+00  0.0000D+00  0.0000D+00    -0.1689D-01  0.5746D-02  0.6915D-02       2.0650
 -0.2400D-01  0.8431D-02  0.1124D-01    -0.9816D+00  0.0000D+00  0.0000D+00    -0.1730D-01  0.5884D-02  0.7081D-02       2.0750
 -0.2475D-01  0.8698D-02  0.1162D-01    -0.1004D+01  0.0000D+00  0.0000D+00    -0.1769D-01  0.6019D-02  0.7243D-02       2.0830
 -0.2550D-01  0.8964D-02  0.1201D-01    -0.1026D+01  0.0000D+00  0.0000D+00    -0.1808D-01  0.6150D-02  0.7401D-02       2.0990
 -0.2625D-01  0.9231D-02  0.1240D-01    -0.1047D+01  0.0000D+00  0.0000D+00    -0.1846D-01  0.6277D-02  0.7554D-02       2.1120
 -0.2700D-01  0.9498D-02  0.1279D-01    -0.1068D+01  0.0000D+00  0.0000D+00    -0.1882D-01  0.6401D-02  0.7704D-02       2.1250
 -0.2775D-01  0.9764D-02  0.1318D-01    -0.1088D+01  0.0000D+00  0.0000D+00    -0.1917D-01  0.6522D-02  0.7849D-02       2.1310
 -0.2850D-01  0.1003D-01  0.1358D-01    -0.1108D+01  0.0000D+00  0.0000D+00    -0.1952D-01  0.6639D-02  0.7989D-02       2.1520
 -0.2925D-01  0.1030D-01  0.1398D-01    -0.1126D+01  0.0000D+00  0.0000D+00    -0.1985D-01  0.6752D-02  0.8126D-02       2.1640
 -0.3000D-01  0.1056D-01  0.1438D-01    -0.1145D+01  0.0000D+00  0.0000D+00    -0.2017D-01  0.6862D-02  0.8257D-02       2.1650
