 ******************************************************************************
 * Main configuration file                                                     
 ******************************************************************************
 FILE FOR GRAINS STATE AND PLASTIC ACTIVITY
 ******************************************************************************
 ******** SAMPLE data - File: filesamp                                *********
 ******************************************************************************
 AXES OF THE REPRESENTATIVE ELLIPSOID                                          
 DISCRETE TEXTURE FROM ODF FILE                                                
 B 1000    0
 ******************************************************************************
 ******************************************************************************
 START THE PROCESS: fileproc                                
 STEP:   1  CONTROL VARIABLE:  0.00000D+00

 STATISTIC OF SLIP ACTIVITY:
 Average number of load_active systems:    0.0000
 No plastic activity
 Twinning volume fraction:
 There is not twinning activation.

 Total number of grains that plastify:     0
 ******************************************************************************
 STEP:   2  CONTROL VARIABLE: -0.75000D-03

 STATISTIC OF SLIP ACTIVITY:
 Average number of load_active systems:    0.0000
 No plastic activity
 Twinning volume fraction:
 There is not twinning activation.

 Total number of grains that plastify:     0
 ******************************************************************************
 STEP:   3  CONTROL VARIABLE: -0.15000D-02

 STATISTIC OF SLIP ACTIVITY:
 Average number of load_active systems:    0.0000
 No plastic activity
 Twinning volume fraction:
 There is not twinning activation.

 Total number of grains that plastify:     0
 ******************************************************************************
 STEP:   4  CONTROL VARIABLE: -0.22500D-02

 STATISTIC OF SLIP ACTIVITY:
 Average number of load_active systems:    0.0000
 No plastic activity
 Twinning volume fraction:
 There is not twinning activation.

 Total number of grains that plastify:     0
 ******************************************************************************
 STEP:   5  CONTROL VARIABLE: -0.30000D-02

 WARNING
 STRESS IS OUT OF THE SCYS FOR  213  GRAINS

 STATISTIC OF SLIP ACTIVITY:
 Average number of load_active systems:    0.3620
 Fraction of total shear:
 Mode #:  1  Activity: 100.0000 %
 Twinning volume fraction:
 There is not twinning activation.

 Total number of grains that plastify:   351
 ******************************************************************************
 STEP:   6  CONTROL VARIABLE: -0.37500D-02

 WARNING
 STRESS IS OUT OF THE SCYS FOR  629  GRAINS

 STATISTIC OF SLIP ACTIVITY:
 Average number of load_active systems:    1.4540
 Fraction of total shear:
 Mode #:  1  Activity: 100.0000 %
 Twinning volume fraction:
 There is not twinning activation.

 Total number of grains that plastify:   930
 ******************************************************************************
 STEP:   7  CONTROL VARIABLE: -0.45000D-02

 STATISTIC OF SLIP ACTIVITY:
 Average number of load_active systems:    1.6290
 Fraction of total shear:
 Mode #:  1  Activity: 100.0000 %
 Twinning volume fraction:
 There is not twinning activation.

 Total number of grains that plastify:   994
 ******************************************************************************
 STEP:   8  CONTROL VARIABLE: -0.52500D-02

 STATISTIC OF SLIP ACTIVITY:
 Average number of load_active systems:    1.6930
 Fraction of total shear:
 Mode #:  1  Activity: 100.0000 %
 Twinning volume fraction:
 There is not twinning activation.

 Total number of grains that plastify:  1000
 ******************************************************************************
 STEP:   9  CONTROL VARIABLE: -0.60000D-02

 STATISTIC OF SLIP ACTIVITY:
 Average number of load_active systems:    1.7280
 Fraction of total shear:
 Mode #:  1  Activity: 100.0000 %
 Twinning volume fraction:
 There is not twinning activation.

 Total number of grains that plastify:  1000
 ******************************************************************************
 STEP:  10  CONTROL VARIABLE: -0.67500D-02

 STATISTIC OF SLIP ACTIVITY:
 Average number of load_active systems:    1.7570
 Fraction of total shear:
 Mode #:  1  Activity: 100.0000 %
 Twinning volume fraction:
 There is not twinning activation.

 Total number of grains that plastify:  1000
 ******************************************************************************
 STEP:  11  CONTROL VARIABLE: -0.75000D-02

 STATISTIC OF SLIP ACTIVITY:
 Average number of load_active systems:    1.7720
 Fraction of total shear:
 Mode #:  1  Activity: 100.0000 %
 Twinning volume fraction:
 There is not twinning activation.

 Total number of grains that plastify:  1000
 ******************************************************************************
 STEP:  12  CONTROL VARIABLE: -0.82500D-02

 STATISTIC OF SLIP ACTIVITY:
 Average number of load_active systems:    1.7870
 Fraction of total shear:
 Mode #:  1  Activity: 100.0000 %
 Twinning volume fraction:
 There is not twinning activation.

 Total number of grains that plastify:  1000
 ******************************************************************************
 STEP:  13  CONTROL VARIABLE: -0.90000D-02

 STATISTIC OF SLIP ACTIVITY:
 Average number of load_active systems:    1.8060
 Fraction of total shear:
 Mode #:  1  Activity: 100.0000 %
 Twinning volume fraction:
 There is not twinning activation.

 Total number of grains that plastify:  1000
 ******************************************************************************
 STEP:  14  CONTROL VARIABLE: -0.97500D-02

 STATISTIC OF SLIP ACTIVITY:
 Average number of load_active systems:    1.8260
 Fraction of total shear:
 Mode #:  1  Activity: 100.0000 %
 Twinning volume fraction:
 There is not twinning activation.

 Total number of grains that plastify:  1000
 ******************************************************************************
 STEP:  15  CONTROL VARIABLE: -0.10500D-01

 STATISTIC OF SLIP ACTIVITY:
 Average number of load_active systems:    1.8430
 Fraction of total shear:
 Mode #:  1  Activity: 100.0000 %
 Twinning volume fraction:
 There is not twinning activation.

 Total number of grains that plastify:  1000
 ******************************************************************************
 STEP:  16  CONTROL VARIABLE: -0.11250D-01

 STATISTIC OF SLIP ACTIVITY:
 Average number of load_active systems:    1.8560
 Fraction of total shear:
 Mode #:  1  Activity: 100.0000 %
 Twinning volume fraction:
 There is not twinning activation.

 Total number of grains that plastify:  1000
 ******************************************************************************
 STEP:  17  CONTROL VARIABLE: -0.12000D-01

 STATISTIC OF SLIP ACTIVITY:
 Average number of load_active systems:    1.8710
 Fraction of total shear:
 Mode #:  1  Activity: 100.0000 %
 Twinning volume fraction:
 There is not twinning activation.

 Total number of grains that plastify:  1000
 ******************************************************************************
 STEP:  18  CONTROL VARIABLE: -0.12750D-01

 STATISTIC OF SLIP ACTIVITY:
 Average number of load_active systems:    1.8890
 Fraction of total shear:
 Mode #:  1  Activity: 100.0000 %
 Twinning volume fraction:
 There is not twinning activation.

 Total number of grains that plastify:  1000
 ******************************************************************************
 STEP:  19  CONTROL VARIABLE: -0.13500D-01

 STATISTIC OF SLIP ACTIVITY:
 Average number of load_active systems:    1.9180
 Fraction of total shear:
 Mode #:  1  Activity: 100.0000 %
 Twinning volume fraction:
 There is not twinning activation.

 Total number of grains that plastify:  1000
 ******************************************************************************
 STEP:  20  CONTROL VARIABLE: -0.14250D-01

 STATISTIC OF SLIP ACTIVITY:
 Average number of load_active systems:    1.9290
 Fraction of total shear:
 Mode #:  1  Activity: 100.0000 %
 Twinning volume fraction:
 There is not twinning activation.

 Total number of grains that plastify:  1000
 ******************************************************************************
 STEP:  21  CONTROL VARIABLE: -0.15000D-01

 STATISTIC OF SLIP ACTIVITY:
 Average number of load_active systems:    1.9260
 Fraction of total shear:
 Mode #:  1  Activity: 100.0000 %
 Twinning volume fraction:
 There is not twinning activation.

 Total number of grains that plastify:  1000
 ******************************************************************************
 STEP:  22  CONTROL VARIABLE: -0.15750D-01

 STATISTIC OF SLIP ACTIVITY:
 Average number of load_active systems:    1.9430
 Fraction of total shear:
 Mode #:  1  Activity: 100.0000 %
 Twinning volume fraction:
 There is not twinning activation.

 Total number of grains that plastify:  1000
 ******************************************************************************
 STEP:  23  CONTROL VARIABLE: -0.16500D-01

 STATISTIC OF SLIP ACTIVITY:
 Average number of load_active systems:    1.9590
 Fraction of total shear:
 Mode #:  1  Activity: 100.0000 %
 Twinning volume fraction:
 There is not twinning activation.

 Total number of grains that plastify:  1000
 ******************************************************************************
 STEP:  24  CONTROL VARIABLE: -0.17250D-01

 STATISTIC OF SLIP ACTIVITY:
 Average number of load_active systems:    1.9770
 Fraction of total shear:
 Mode #:  1  Activity: 100.0000 %
 Twinning volume fraction:
 There is not twinning activation.

 Total number of grains that plastify:  1000
 ******************************************************************************
 STEP:  25  CONTROL VARIABLE: -0.18000D-01

 STATISTIC OF SLIP ACTIVITY:
 Average number of load_active systems:    1.9990
 Fraction of total shear:
 Mode #:  1  Activity: 100.0000 %
 Twinning volume fraction:
 There is not twinning activation.

 Total number of grains that plastify:  1000
 ******************************************************************************
 STEP:  26  CONTROL VARIABLE: -0.18750D-01

 STATISTIC OF SLIP ACTIVITY:
 Average number of load_active systems:    2.0080
 Fraction of total shear:
 Mode #:  1  Activity: 100.0000 %
 Twinning volume fraction:
 There is not twinning activation.

 Total number of grains that plastify:  1000
 ******************************************************************************
 STEP:  27  CONTROL VARIABLE: -0.19500D-01

 STATISTIC OF SLIP ACTIVITY:
 Average number of load_active systems:    2.0150
 Fraction of total shear:
 Mode #:  1  Activity: 100.0000 %
 Twinning volume fraction:
 There is not twinning activation.

 Total number of grains that plastify:  1000
 ******************************************************************************
 STEP:  28  CONTROL VARIABLE: -0.20250D-01

 STATISTIC OF SLIP ACTIVITY:
 Average number of load_active systems:    2.0340
 Fraction of total shear:
 Mode #:  1  Activity: 100.0000 %
 Twinning volume fraction:
 There is not twinning activation.

 Total number of grains that plastify:  1000
 ******************************************************************************
 STEP:  29  CONTROL VARIABLE: -0.21000D-01

 STATISTIC OF SLIP ACTIVITY:
 Average number of load_active systems:    2.0470
 Fraction of total shear:
 Mode #:  1  Activity: 100.0000 %
 Twinning volume fraction:
 There is not twinning activation.

 Total number of grains that plastify:  1000
 ******************************************************************************
 STEP:  30  CONTROL VARIABLE: -0.21750D-01

 STATISTIC OF SLIP ACTIVITY:
 Average number of load_active systems:    2.0630
 Fraction of total shear:
 Mode #:  1  Activity: 100.0000 %
 Twinning volume fraction:
 There is not twinning activation.

 Total number of grains that plastify:  1000
 ******************************************************************************
 STEP:  31  CONTROL VARIABLE: -0.22500D-01

 STATISTIC OF SLIP ACTIVITY:
 Average number of load_active systems:    2.0650
 Fraction of total shear:
 Mode #:  1  Activity: 100.0000 %
 Twinning volume fraction:
 There is not twinning activation.

 Total number of grains that plastify:  1000
 ******************************************************************************
 STEP:  32  CONTROL VARIABLE: -0.23250D-01

 STATISTIC OF SLIP ACTIVITY:
 Average number of load_active systems:    2.0750
 Fraction of total shear:
 Mode #:  1  Activity: 100.0000 %
 Twinning volume fraction:
 There is not twinning activation.

 Total number of grains that plastify:  1000
 ******************************************************************************
 STEP:  33  CONTROL VARIABLE: -0.24000D-01

 STATISTIC OF SLIP ACTIVITY:
 Average number of load_active systems:    2.0830
 Fraction of total shear:
 Mode #:  1  Activity: 100.0000 %
 Twinning volume fraction:
 There is not twinning activation.

 Total number of grains that plastify:  1000
 ******************************************************************************
 STEP:  34  CONTROL VARIABLE: -0.24750D-01

 STATISTIC OF SLIP ACTIVITY:
 Average number of load_active systems:    2.0990
 Fraction of total shear:
 Mode #:  1  Activity: 100.0000 %
 Twinning volume fraction:
 There is not twinning activation.

 Total number of grains that plastify:  1000
 ******************************************************************************
 STEP:  35  CONTROL VARIABLE: -0.25500D-01

 STATISTIC OF SLIP ACTIVITY:
 Average number of load_active systems:    2.1120
 Fraction of total shear:
 Mode #:  1  Activity: 100.0000 %
 Twinning volume fraction:
 There is not twinning activation.

 Total number of grains that plastify:  1000
 ******************************************************************************
 STEP:  36  CONTROL VARIABLE: -0.26250D-01

 STATISTIC OF SLIP ACTIVITY:
 Average number of load_active systems:    2.1250
 Fraction of total shear:
 Mode #:  1  Activity: 100.0000 %
 Twinning volume fraction:
 There is not twinning activation.

 Total number of grains that plastify:  1000
 ******************************************************************************
 STEP:  37  CONTROL VARIABLE: -0.27000D-01

 STATISTIC OF SLIP ACTIVITY:
 Average number of load_active systems:    2.1310
 Fraction of total shear:
 Mode #:  1  Activity: 100.0000 %
 Twinning volume fraction:
 There is not twinning activation.

 Total number of grains that plastify:  1000
 ******************************************************************************
 STEP:  38  CONTROL VARIABLE: -0.27750D-01

 STATISTIC OF SLIP ACTIVITY:
 Average number of load_active systems:    2.1520
 Fraction of total shear:
 Mode #:  1  Activity: 100.0000 %
 Twinning volume fraction:
 There is not twinning activation.

 Total number of grains that plastify:  1000
 ******************************************************************************
 STEP:  39  CONTROL VARIABLE: -0.28500D-01

 STATISTIC OF SLIP ACTIVITY:
 Average number of load_active systems:    2.1640
 Fraction of total shear:
 Mode #:  1  Activity: 100.0000 %
 Twinning volume fraction:
 There is not twinning activation.

 Total number of grains that plastify:  1000
 ******************************************************************************
 STEP:  40  CONTROL VARIABLE: -0.29250D-01

 STATISTIC OF SLIP ACTIVITY:
 Average number of load_active systems:    2.1650
 Fraction of total shear:
 Mode #:  1  Activity: 100.0000 %
 Twinning volume fraction:
 There is not twinning activation.

 Total number of grains that plastify:  1000
 ******************************************************************************

 Percent respect to total shear:
 Mode #:  1  Activity: 100.0000 %
 NO TWIN ACTIVITY

 TAU_UPDATE_MAX =  1.2170094241117888
 TOTAL NUMBER OF GRAINS UPDATED =  858
 VOLUME FRACTION UPDATED =  0.8580000000000007
 STATISTIC FOR NON-HARDENING UPDATE OF SCYS:
 (DONE OVER MAXIMUM VALUE IN EACH GRAIN)
   142 grains that represent  14.20% volume fraction were not updated
 # GRAINS       WGT   INITIAL     FINAL
      173    0.1730    1.0000    1.0217
       97    0.0970    1.0217    1.0434
       32    0.0320    1.0434    1.0651
       55    0.0550    1.0651    1.0868
       49    0.0490    1.0868    1.1085
       69    0.0690    1.1085    1.1302
       76    0.0760    1.1302    1.1519
       71    0.0710    1.1519    1.1736
      104    0.1040    1.1736    1.1953
      132    0.1320    1.1953    1.2170

