 ******************************************************************************
 * Main configuration file                                                     
 ******************************************************************************
 EVOLUTION OF INTERNAL STRAINS
 ******************************************************************************
 *DIFFRACTING PLANES AND DIRECTION                                             
 *Number of diffraction directions and diffracting angle spread:               
    74  1.00
 *Plane type and direction angle:                                              
 *"n3" or "n4"   "theta"        "phi"                                          
   3  1  0          0.00      50.00
   3  1  0          5.00      50.00
   3  1  0         10.00      50.00
   3  1  0         15.00      50.00
   3  1  0         20.00      50.00
   3  1  0         25.00      50.00
   3  1  0         30.00      50.00
   3  1  0         35.00      50.00
   3  1  0         40.00      50.00
   3  1  0         45.00      50.00
   3  1  0         50.00      50.00
   3  1  0         55.00      50.00
   3  1  0         60.00      50.00
   3  1  0         65.00      50.00
   3  1  0         70.00      50.00
   3  1  0         75.00      50.00
   3  1  0         80.00      50.00
   3  1  0         85.00      50.00
   3  1  0         90.00      50.00
   3  1  0         95.00      50.00
   3  1  0        100.00      50.00
   3  1  0        105.00      50.00
   3  1  0        110.00      50.00
   3  1  0        115.00      50.00
   3  1  0        120.00      50.00
   3  1  0        125.00      50.00
   3  1  0        130.00      50.00
   3  1  0        135.00      50.00
   3  1  0        140.00      50.00
   3  1  0        145.00      50.00
   3  1  0        150.00      50.00
   3  1  0        155.00      50.00
   3  1  0        160.00      50.00
   3  1  0        165.00      50.00
   3  1  0        170.00      50.00
   3  1  0        175.00      50.00
   3  1  0        180.00      50.00
   3  1  0          0.00     230.00
   3  1  0          5.00     230.00
   3  1  0         10.00     230.00
   3  1  0         15.00     230.00
   3  1  0         20.00     230.00
   3  1  0         25.00     230.00
   3  1  0         30.00     230.00
   3  1  0         35.00     230.00
   3  1  0         40.00     230.00
   3  1  0         45.00     230.00
   3  1  0         50.00     230.00
   3  1  0         55.00     230.00
   3  1  0         60.00     230.00
   3  1  0         65.00     230.00
   3  1  0         70.00     230.00
   3  1  0         75.00     230.00
   3  1  0         80.00     230.00
   3  1  0         85.00     230.00
   3  1  0         90.00     230.00
   3  1  0         95.00     230.00
   3  1  0        100.00     230.00
   3  1  0        105.00     230.00
   3  1  0        110.00     230.00
   3  1  0        115.00     230.00
   3  1  0        120.00     230.00
   3  1  0        125.00     230.00
   3  1  0        130.00     230.00
   3  1  0        135.00     230.00
   3  1  0        140.00     230.00
   3  1  0        145.00     230.00
   3  1  0        150.00     230.00
   3  1  0        155.00     230.00
   3  1  0        160.00     230.00
   3  1  0        165.00     230.00
   3  1  0        170.00     230.00
   3  1  0        175.00     230.00
   3  1  0        180.00     230.00

   SET #:    1  NGRSET:    3  VOLFRAC:  0.00300  INTENS:   0.00728

   SET #:    2  NGRSET:    2  VOLFRAC:  0.00200  INTENS:   0.00674

   SET #:    3  NGRSET:    2  VOLFRAC:  0.00200  INTENS:   0.00212

   SET #:    4  NGRSET:    5  VOLFRAC:  0.00500  INTENS:   0.03322

   SET #:    5  NGRSET:    3  VOLFRAC:  0.00300  INTENS:   0.03456

   SET #:    6  NGRSET:    4  VOLFRAC:  0.00400  INTENS:   0.01404

   SET #:    7  NGRSET:    3  VOLFRAC:  0.00300  INTENS:   0.00533

   SET #:    8  NGRSET:    1  VOLFRAC:  0.00100  INTENS:   0.00130

   SET #:    9  NGRSET:    2  VOLFRAC:  0.00200  INTENS:   0.00234

   SET #:   10  NGRSET:    2  VOLFRAC:  0.00200  INTENS:   0.00338

   SET #:   11  NGRSET:    3  VOLFRAC:  0.00300  INTENS:   0.00432

   SET #:   12  NGRSET:    2  VOLFRAC:  0.00200  INTENS:   0.00267

   SET #:   13  NGRSET:    3  VOLFRAC:  0.00300  INTENS:   0.00381

   SET #:   14  NGRSET:    3  VOLFRAC:  0.00300  INTENS:   0.01590

   SET #:   15  NGRSET:    3  VOLFRAC:  0.00300  INTENS:   0.05555

   SET #:   16  NGRSET:    2  VOLFRAC:  0.00200  INTENS:   0.00565

   SET #:   17  NGRSET:    1  VOLFRAC:  0.00100  INTENS:   0.00100

   SET #:   18  NGRSET:    3  VOLFRAC:  0.00300  INTENS:   0.00747

   SET #:   19  NGRSET:    3  VOLFRAC:  0.00300  INTENS:   0.08811

   SET #:   20  NGRSET:    3  VOLFRAC:  0.00300  INTENS:   0.00417

   SET #:   21  NGRSET:    0  VOLFRAC:  0.00000  INTENS:   0.00000

   SET #:   22  NGRSET:    1  VOLFRAC:  0.00100  INTENS:   0.00243

   SET #:   23  NGRSET:    2  VOLFRAC:  0.00200  INTENS:   0.01008

   SET #:   24  NGRSET:    2  VOLFRAC:  0.00200  INTENS:   0.00287

   SET #:   25  NGRSET:    0  VOLFRAC:  0.00000  INTENS:   0.00000

   SET #:   26  NGRSET:    1  VOLFRAC:  0.00100  INTENS:   0.00222

   SET #:   27  NGRSET:    0  VOLFRAC:  0.00000  INTENS:   0.00000

   SET #:   28  NGRSET:    0  VOLFRAC:  0.00000  INTENS:   0.00000

   SET #:   29  NGRSET:    2  VOLFRAC:  0.00200  INTENS:   0.00433

   SET #:   30  NGRSET:    2  VOLFRAC:  0.00200  INTENS:   0.00306

   SET #:   31  NGRSET:    2  VOLFRAC:  0.00200  INTENS:   0.00573

   SET #:   32  NGRSET:    5  VOLFRAC:  0.00500  INTENS:   0.01544

   SET #:   33  NGRSET:    2  VOLFRAC:  0.00200  INTENS:   0.05937

   SET #:   34  NGRSET:    1  VOLFRAC:  0.00100  INTENS:   0.00119

   SET #:   35  NGRSET:    2  VOLFRAC:  0.00200  INTENS:   0.00202

   SET #:   36  NGRSET:    4  VOLFRAC:  0.00400  INTENS:   0.00618

   SET #:   37  NGRSET:    3  VOLFRAC:  0.00300  INTENS:   0.00728

   SET #:   38  NGRSET:    3  VOLFRAC:  0.00300  INTENS:   0.00728

   SET #:   39  NGRSET:    4  VOLFRAC:  0.00400  INTENS:   0.00618

   SET #:   40  NGRSET:    2  VOLFRAC:  0.00200  INTENS:   0.00202

   SET #:   41  NGRSET:    1  VOLFRAC:  0.00100  INTENS:   0.00119

   SET #:   42  NGRSET:    2  VOLFRAC:  0.00200  INTENS:   0.05937

   SET #:   43  NGRSET:    5  VOLFRAC:  0.00500  INTENS:   0.01544

   SET #:   44  NGRSET:    2  VOLFRAC:  0.00200  INTENS:   0.00573

   SET #:   45  NGRSET:    2  VOLFRAC:  0.00200  INTENS:   0.00306

   SET #:   46  NGRSET:    2  VOLFRAC:  0.00200  INTENS:   0.00433

   SET #:   47  NGRSET:    0  VOLFRAC:  0.00000  INTENS:   0.00000

   SET #:   48  NGRSET:    0  VOLFRAC:  0.00000  INTENS:   0.00000

   SET #:   49  NGRSET:    1  VOLFRAC:  0.00100  INTENS:   0.00222

   SET #:   50  NGRSET:    0  VOLFRAC:  0.00000  INTENS:   0.00000

   SET #:   51  NGRSET:    2  VOLFRAC:  0.00200  INTENS:   0.00287

   SET #:   52  NGRSET:    2  VOLFRAC:  0.00200  INTENS:   0.01008

   SET #:   53  NGRSET:    1  VOLFRAC:  0.00100  INTENS:   0.00243

   SET #:   54  NGRSET:    0  VOLFRAC:  0.00000  INTENS:   0.00000

   SET #:   55  NGRSET:    3  VOLFRAC:  0.00300  INTENS:   0.00417

   SET #:   56  NGRSET:    3  VOLFRAC:  0.00300  INTENS:   0.08811

   SET #:   57  NGRSET:    3  VOLFRAC:  0.00300  INTENS:   0.00747

   SET #:   58  NGRSET:    1  VOLFRAC:  0.00100  INTENS:   0.00100

   SET #:   59  NGRSET:    2  VOLFRAC:  0.00200  INTENS:   0.00565

   SET #:   60  NGRSET:    3  VOLFRAC:  0.00300  INTENS:   0.05555

   SET #:   61  NGRSET:    3  VOLFRAC:  0.00300  INTENS:   0.01590

   SET #:   62  NGRSET:    3  VOLFRAC:  0.00300  INTENS:   0.00381

   SET #:   63  NGRSET:    2  VOLFRAC:  0.00200  INTENS:   0.00267

   SET #:   64  NGRSET:    3  VOLFRAC:  0.00300  INTENS:   0.00432

   SET #:   65  NGRSET:    2  VOLFRAC:  0.00200  INTENS:   0.00338

   SET #:   66  NGRSET:    2  VOLFRAC:  0.00200  INTENS:   0.00234

   SET #:   67  NGRSET:    1  VOLFRAC:  0.00100  INTENS:   0.00130

   SET #:   68  NGRSET:    3  VOLFRAC:  0.00300  INTENS:   0.00533

   SET #:   69  NGRSET:    4  VOLFRAC:  0.00400  INTENS:   0.01404

   SET #:   70  NGRSET:    3  VOLFRAC:  0.00300  INTENS:   0.03456

   SET #:   71  NGRSET:    5  VOLFRAC:  0.00500  INTENS:   0.03322

   SET #:   72  NGRSET:    2  VOLFRAC:  0.00200  INTENS:   0.00212

   SET #:   73  NGRSET:    2  VOLFRAC:  0.00200  INTENS:   0.00674

   SET #:   74  NGRSET:    3  VOLFRAC:  0.00300  INTENS:   0.00728

 Temp      Eref      Sref          dif1       dif2       dif3       dif4       dif5       dif6       dif7       dif8       dif9       ....
   0.    0.0000    0.0000     0.000D+00  0.000D+00  0.000D+00  0.000D+00  0.000D+00  0.000D+00  0.000D+00  0.000D+00  0.000D+00
   0.    0.0000    0.0000     0.000D+00  0.000D+00  0.000D+00  0.000D+00  0.000D+00  0.000D+00  0.000D+00  0.000D+00  0.000D+00
 292.   -0.0015   -0.0851     0.000D+00  0.000D+00  0.000D+00  0.000D+00  0.000D+00  0.000D+00  0.000D+00  0.000D+00  0.000D+00
 292.   -0.0030   -0.1702     0.000D+00  0.000D+00  0.000D+00  0.000D+00  0.000D+00  0.000D+00  0.000D+00  0.000D+00  0.000D+00
 292.   -0.0045   -0.2427     0.000D+00  0.000D+00  0.000D+00  0.000D+00  0.000D+00  0.000D+00  0.000D+00  0.000D+00  0.000D+00
 292.   -0.0060   -0.3076     0.000D+00  0.000D+00  0.000D+00  0.000D+00  0.000D+00  0.000D+00  0.000D+00  0.000D+00  0.000D+00
 292.   -0.0075   -0.3715     0.000D+00  0.000D+00  0.000D+00  0.000D+00  0.000D+00  0.000D+00  0.000D+00  0.000D+00  0.000D+00
 292.   -0.0090   -0.4343     0.000D+00  0.000D+00  0.000D+00  0.000D+00  0.000D+00  0.000D+00  0.000D+00  0.000D+00  0.000D+00
 292.   -0.0105   -0.4959     0.000D+00  0.000D+00  0.000D+00  0.000D+00  0.000D+00  0.000D+00  0.000D+00  0.000D+00  0.000D+00
 292.   -0.0120   -0.5562     0.000D+00  0.000D+00  0.000D+00  0.000D+00  0.000D+00  0.000D+00  0.000D+00  0.000D+00  0.000D+00
 292.   -0.0135   -0.6152     0.000D+00  0.000D+00  0.000D+00  0.000D+00  0.000D+00  0.000D+00  0.000D+00  0.000D+00  0.000D+00
 292.   -0.0150   -0.6728     0.000D+00  0.000D+00  0.000D+00  0.000D+00  0.000D+00  0.000D+00  0.000D+00  0.000D+00  0.000D+00
 292.   -0.0165   -0.7288     0.000D+00  0.000D+00  0.000D+00  0.000D+00  0.000D+00  0.000D+00  0.000D+00  0.000D+00  0.000D+00
 292.   -0.0180   -0.7832     0.000D+00  0.000D+00  0.000D+00  0.000D+00  0.000D+00  0.000D+00  0.000D+00  0.000D+00  0.000D+00
 292.   -0.0195   -0.8358     0.000D+00  0.000D+00  0.000D+00  0.000D+00  0.000D+00  0.000D+00  0.000D+00  0.000D+00  0.000D+00
 292.   -0.0210   -0.8864     0.000D+00  0.000D+00  0.000D+00  0.000D+00  0.000D+00  0.000D+00  0.000D+00  0.000D+00  0.000D+00
 292.   -0.0225   -0.9351     0.000D+00  0.000D+00  0.000D+00  0.000D+00  0.000D+00  0.000D+00  0.000D+00  0.000D+00  0.000D+00
 292.   -0.0240   -0.9816     0.000D+00  0.000D+00  0.000D+00  0.000D+00  0.000D+00  0.000D+00  0.000D+00  0.000D+00  0.000D+00
 292.   -0.0255   -1.0259     0.000D+00  0.000D+00  0.000D+00  0.000D+00  0.000D+00  0.000D+00  0.000D+00  0.000D+00  0.000D+00
 292.   -0.0270   -1.0679     0.000D+00  0.000D+00  0.000D+00  0.000D+00  0.000D+00  0.000D+00  0.000D+00  0.000D+00  0.000D+00
 292.   -0.0285   -1.1075     0.000D+00  0.000D+00  0.000D+00  0.000D+00  0.000D+00  0.000D+00  0.000D+00  0.000D+00  0.000D+00
 292.   -0.0300   -1.1447     0.000D+00  0.000D+00  0.000D+00  0.000D+00  0.000D+00  0.000D+00  0.000D+00  0.000D+00  0.000D+00
