 ******************************************************************************
 ************** SELF-CONSISTENT THERMO-ELASTOPLASTIC CODE "EPSC" **************
 * Main configuration file                                                     
 ******************************************************************************
 filecrysfilecrys                                
 filesampfilesamp                                
 filedifffilediff                                
 PURE ELASTIC SELFCONSISTENT PROBLEM

+ITER:   1   ERROR:   0.4738D-02
+ITER:   2   ERROR:   0.2853D-03
 fileprocfileproc                                
 ******************************************************************************
 ******************************************************************************
 START THE PROCESS: fileproc                                
 STEP:   1  CONTROL VARIABLE:  0.00000D+00
 PREVIOUS STRESS-STRAIN IN SAMPLE:
   0.0000D+00  0.0000D+00  0.0000D+00  0.0000D+00  0.0000D+00  0.0000D+00
   0.0000D+00  0.0000D+00  0.0000D+00  0.0000D+00  0.0000D+00  0.0000D+00

+ITER:   1   ERROR:   0.1584D-04
 ******************************************************************************
 STEP:   2  CONTROL VARIABLE: -0.75000D-03
 PREVIOUS STRESS-STRAIN IN SAMPLE:
  -0.4256D-01  0.0000D+00  0.0000D+00  0.0000D+00  0.0000D+00  0.0000D+00
  -0.7500D-03  0.2551D-03  0.3070D-03  0.1181D-05  0.2204D-07 -0.7298D-05

+ITER:   1   ERROR:   0.8792D-06
 ******************************************************************************
 STEP:   3  CONTROL VARIABLE: -0.15000D-02
 PREVIOUS STRESS-STRAIN IN SAMPLE:
  -0.8512D-01  0.0000D+00  0.0000D+00  0.0000D+00  0.0000D+00  0.0000D+00
  -0.1500D-02  0.5102D-03  0.6140D-03  0.2361D-05  0.4406D-07 -0.1460D-04

+ITER:   1   ERROR:   0.4879D-07
 ******************************************************************************
 STEP:   4  CONTROL VARIABLE: -0.22500D-02
 PREVIOUS STRESS-STRAIN IN SAMPLE:
  -0.1277D+00  0.0000D+00  0.0000D+00  0.0000D+00  0.0000D+00  0.0000D+00
  -0.2250D-02  0.7653D-03  0.9210D-03  0.3542D-05  0.6607D-07 -0.2189D-04

+ITER:   1   ERROR:   0.2708D-08
 ******************************************************************************
 STEP:   5  CONTROL VARIABLE: -0.30000D-02
 PREVIOUS STRESS-STRAIN IN SAMPLE:
  -0.1702D+00  0.0000D+00  0.0000D+00  0.0000D+00  0.0000D+00  0.0000D+00
  -0.3000D-02  0.1020D-02  0.1228D-02  0.4723D-05  0.8808D-07 -0.2919D-04

+ITER:   1   ERROR:   0.1748D-01
+ITER:   2   ERROR:   0.5158D-03
 ******************************************************************************
 STEP:   6  CONTROL VARIABLE: -0.37500D-02
 PREVIOUS STRESS-STRAIN IN SAMPLE:
  -0.2090D+00  0.0000D+00  0.0000D+00  0.0000D+00  0.0000D+00  0.0000D+00
  -0.3750D-02  0.1278D-02  0.1549D-02  0.5607D-05  0.3470D-06 -0.3612D-04

+ITER:   1   ERROR:   0.6307D-01
+ITER:   2   ERROR:   0.5245D-02
 ******************************************************************************
 STEP:   7  CONTROL VARIABLE: -0.45000D-02
 PREVIOUS STRESS-STRAIN IN SAMPLE:
  -0.2427D+00  0.0000D+00  0.0000D+00  0.0000D+00  0.0000D+00  0.0000D+00
  -0.4500D-02  0.1540D-02  0.1889D-02  0.5008D-05  0.1515D-05 -0.4270D-04

 946  Look for other combination RSSD>TAUD
+ITER:   1   ERROR:   0.1242D-01
 946  Look for other combination RSSD>TAUD
+ITER:   2   ERROR:   0.1305D-02
 ******************************************************************************
 STEP:   8  CONTROL VARIABLE: -0.52500D-02
 PREVIOUS STRESS-STRAIN IN SAMPLE:
  -0.2752D+00  0.0000D+00  0.0000D+00  0.0000D+00  0.0000D+00  0.0000D+00
  -0.5250D-02  0.1802D-02  0.2233D-02  0.4494D-05  0.2687D-05 -0.4894D-04

 583  Look for other combination RSSD>TAUD
+ITER:   1   ERROR:   0.5812D-02
 ******************************************************************************
 STEP:   9  CONTROL VARIABLE: -0.60000D-02
 PREVIOUS STRESS-STRAIN IN SAMPLE:
  -0.3076D+00  0.0000D+00  0.0000D+00  0.0000D+00  0.0000D+00  0.0000D+00
  -0.6000D-02  0.2065D-02  0.2578D-02  0.3973D-05  0.3872D-05 -0.5516D-04

 460  Look for other combination RSSD>TAUD
+ITER:   1   ERROR:   0.4456D-02
 ******************************************************************************
 STEP:  10  CONTROL VARIABLE: -0.67500D-02
 PREVIOUS STRESS-STRAIN IN SAMPLE:
  -0.3397D+00  0.0000D+00  0.0000D+00  0.0000D+00  0.0000D+00  0.0000D+00
  -0.6750D-02  0.2327D-02  0.2923D-02  0.3038D-05  0.5474D-05 -0.6138D-04

 872  Look for other combination RSSD>TAUD
+ITER:   1   ERROR:   0.3523D-02
 ******************************************************************************
 STEP:  11  CONTROL VARIABLE: -0.75000D-02
 PREVIOUS STRESS-STRAIN IN SAMPLE:
  -0.3715D+00  0.0000D+00  0.0000D+00  0.0000D+00  0.0000D+00  0.0000D+00
  -0.7500D-02  0.2590D-02  0.3269D-02  0.1903D-05  0.7251D-05 -0.6744D-04

 460  Look for other combination RSSD>TAUD
+ITER:   1   ERROR:   0.2492D-02
 ******************************************************************************
 STEP:  12  CONTROL VARIABLE: -0.82500D-02
 PREVIOUS STRESS-STRAIN IN SAMPLE:
  -0.4030D+00  0.0000D+00  0.0000D+00  0.0000D+00  0.0000D+00  0.0000D+00
  -0.8250D-02  0.2854D-02  0.3617D-02  0.7598D-06  0.8909D-05 -0.7351D-04

 583  Look for other combination RSSD>TAUD
 811  Look for other combination RSSD>TAUD
 872  Look for other combination RSSD>TAUD
+ITER:   1   ERROR:   0.2434D-02
 ******************************************************************************
 STEP:  13  CONTROL VARIABLE: -0.90000D-02
 PREVIOUS STRESS-STRAIN IN SAMPLE:
  -0.4343D+00  0.0000D+00  0.0000D+00  0.0000D+00  0.0000D+00  0.0000D+00
  -0.9000D-02  0.3118D-02  0.3965D-02 -0.4184D-06  0.1058D-04 -0.7953D-04

+ITER:   1   ERROR:   0.2327D-02
 ******************************************************************************
 STEP:  14  CONTROL VARIABLE: -0.97500D-02
 PREVIOUS STRESS-STRAIN IN SAMPLE:
  -0.4652D+00  0.0000D+00  0.0000D+00  0.0000D+00  0.0000D+00  0.0000D+00
  -0.9750D-02  0.3382D-02  0.4315D-02 -0.1855D-05  0.1226D-04 -0.8565D-04

+ITER:   1   ERROR:   0.2746D-02
 ******************************************************************************
 STEP:  15  CONTROL VARIABLE: -0.10500D-01
 PREVIOUS STRESS-STRAIN IN SAMPLE:
  -0.4959D+00  0.0000D+00  0.0000D+00  0.0000D+00  0.0000D+00  0.0000D+00
  -0.1050D-01  0.3646D-02  0.4665D-02 -0.3239D-05  0.1402D-04 -0.9171D-04

 527  Look for other combination RSSD>TAUD
+ITER:   1   ERROR:   0.2322D-02
 ******************************************************************************
 STEP:  16  CONTROL VARIABLE: -0.11250D-01
 PREVIOUS STRESS-STRAIN IN SAMPLE:
  -0.5262D+00  0.0000D+00  0.0000D+00  0.0000D+00  0.0000D+00  0.0000D+00
  -0.1125D-01  0.3910D-02  0.5017D-02 -0.4802D-05  0.1572D-04 -0.9768D-04

 460  Look for other combination RSSD>TAUD
+ITER:   1   ERROR:   0.2021D-02
 ******************************************************************************
 STEP:  17  CONTROL VARIABLE: -0.12000D-01
 PREVIOUS STRESS-STRAIN IN SAMPLE:
  -0.5562D+00  0.0000D+00  0.0000D+00  0.0000D+00  0.0000D+00  0.0000D+00
  -0.1200D-01  0.4175D-02  0.5370D-02 -0.6587D-05  0.1738D-04 -0.1035D-03

+ITER:   1   ERROR:   0.2647D-02
 ******************************************************************************
 STEP:  18  CONTROL VARIABLE: -0.12750D-01
 PREVIOUS STRESS-STRAIN IN SAMPLE:
  -0.5859D+00  0.0000D+00  0.0000D+00  0.0000D+00  0.0000D+00  0.0000D+00
  -0.1275D-01  0.4439D-02  0.5724D-02 -0.8562D-05  0.1910D-04 -0.1095D-03

+ITER:   1   ERROR:   0.2493D-02
 ******************************************************************************
 STEP:  19  CONTROL VARIABLE: -0.13500D-01
 PREVIOUS STRESS-STRAIN IN SAMPLE:
  -0.6152D+00  0.0000D+00  0.0000D+00  0.0000D+00  0.0000D+00  0.0000D+00
  -0.1350D-01  0.4704D-02  0.6079D-02 -0.1063D-04  0.2082D-04 -0.1153D-03

+ITER:   1   ERROR:   0.3017D-02
 ******************************************************************************
 STEP:  20  CONTROL VARIABLE: -0.14250D-01
 PREVIOUS STRESS-STRAIN IN SAMPLE:
  -0.6442D+00  0.0000D+00  0.0000D+00  0.0000D+00  0.0000D+00  0.0000D+00
  -0.1425D-01  0.4970D-02  0.6436D-02 -0.1300D-04  0.2261D-04 -0.1215D-03

 192  Look for other combination RSSD>TAUD
 460  Look for other combination RSSD>TAUD
 811  Look for other combination RSSD>TAUD
+ITER:   1   ERROR:   0.2401D-02
 ******************************************************************************
 STEP:  21  CONTROL VARIABLE: -0.15000D-01
 PREVIOUS STRESS-STRAIN IN SAMPLE:
  -0.6728D+00  0.0000D+00  0.0000D+00  0.0000D+00  0.0000D+00  0.0000D+00
  -0.1500D-01  0.5235D-02  0.6795D-02 -0.1539D-04  0.2434D-04 -0.1275D-03

 265  Look for other combination RSSD>TAUD
 941  Look for other combination RSSD>TAUD
+ITER:   1   ERROR:   0.1880D-02
 ******************************************************************************
 STEP:  22  CONTROL VARIABLE: -0.15750D-01
 PREVIOUS STRESS-STRAIN IN SAMPLE:
  -0.7010D+00  0.0000D+00  0.0000D+00  0.0000D+00  0.0000D+00  0.0000D+00
  -0.1575D-01  0.5501D-02  0.7154D-02 -0.1775D-04  0.2608D-04 -0.1335D-03

 333  Look for other combination RSSD>TAUD
 339  Look for other combination RSSD>TAUD
 872  Look for other combination RSSD>TAUD
+ITER:   1   ERROR:   0.2391D-02
 ******************************************************************************
 STEP:  23  CONTROL VARIABLE: -0.16500D-01
 PREVIOUS STRESS-STRAIN IN SAMPLE:
  -0.7288D+00  0.0000D+00  0.0000D+00  0.0000D+00  0.0000D+00  0.0000D+00
  -0.1650D-01  0.5767D-02  0.7516D-02 -0.2044D-04  0.2776D-04 -0.1392D-03

 322  Look for other combination RSSD>TAUD
 333  Look for other combination RSSD>TAUD
 460  Look for other combination RSSD>TAUD
 946  Look for other combination RSSD>TAUD
+ITER:   1   ERROR:   0.2341D-02
 ******************************************************************************
 STEP:  24  CONTROL VARIABLE: -0.17250D-01
 PREVIOUS STRESS-STRAIN IN SAMPLE:
  -0.7562D+00  0.0000D+00  0.0000D+00  0.0000D+00  0.0000D+00  0.0000D+00
  -0.1725D-01  0.6033D-02  0.7879D-02 -0.2310D-04  0.2941D-04 -0.1450D-03

+ITER:   1   ERROR:   0.2902D-02
 ******************************************************************************
 STEP:  25  CONTROL VARIABLE: -0.18000D-01
 PREVIOUS STRESS-STRAIN IN SAMPLE:
  -0.7832D+00  0.0000D+00  0.0000D+00  0.0000D+00  0.0000D+00  0.0000D+00
  -0.1800D-01  0.6299D-02  0.8243D-02 -0.2549D-04  0.3092D-04 -0.1507D-03

+ITER:   1   ERROR:   0.3042D-02
 ******************************************************************************
 STEP:  26  CONTROL VARIABLE: -0.18750D-01
 PREVIOUS STRESS-STRAIN IN SAMPLE:
  -0.8097D+00  0.0000D+00  0.0000D+00  0.0000D+00  0.0000D+00  0.0000D+00
  -0.1875D-01  0.6565D-02  0.8610D-02 -0.2812D-04  0.3244D-04 -0.1563D-03

 460  Look for other combination RSSD>TAUD
 811  Look for other combination RSSD>TAUD
+ITER:   1   ERROR:   0.2501D-02
 ******************************************************************************
 STEP:  27  CONTROL VARIABLE: -0.19500D-01
 PREVIOUS STRESS-STRAIN IN SAMPLE:
  -0.8358D+00  0.0000D+00  0.0000D+00  0.0000D+00  0.0000D+00  0.0000D+00
  -0.1950D-01  0.6832D-02  0.8979D-02 -0.3102D-04  0.3393D-04 -0.1622D-03

+ITER:   1   ERROR:   0.2436D-02
 ******************************************************************************
 STEP:  28  CONTROL VARIABLE: -0.20250D-01
 PREVIOUS STRESS-STRAIN IN SAMPLE:
  -0.8613D+00  0.0000D+00  0.0000D+00  0.0000D+00  0.0000D+00  0.0000D+00
  -0.2025D-01  0.7098D-02  0.9349D-02 -0.3386D-04  0.3564D-04 -0.1678D-03

 333  Look for other combination RSSD>TAUD
+ITER:   1   ERROR:   0.2759D-02
 ******************************************************************************
 STEP:  29  CONTROL VARIABLE: -0.21000D-01
 PREVIOUS STRESS-STRAIN IN SAMPLE:
  -0.8864D+00  0.0000D+00  0.0000D+00  0.0000D+00  0.0000D+00  0.0000D+00
  -0.2100D-01  0.7365D-02  0.9721D-02 -0.3703D-04  0.3733D-04 -0.1735D-03

+ITER:   1   ERROR:   0.2899D-02
 ******************************************************************************
 STEP:  30  CONTROL VARIABLE: -0.21750D-01
 PREVIOUS STRESS-STRAIN IN SAMPLE:
  -0.9110D+00  0.0000D+00  0.0000D+00  0.0000D+00  0.0000D+00  0.0000D+00
  -0.2175D-01  0.7631D-02  0.1010D-01 -0.4033D-04  0.3892D-04 -0.1789D-03

 322  Look for other combination RSSD>TAUD
+ITER:   1   ERROR:   0.2899D-02
 ******************************************************************************
 STEP:  31  CONTROL VARIABLE: -0.22500D-01
 PREVIOUS STRESS-STRAIN IN SAMPLE:
  -0.9351D+00  0.0000D+00  0.0000D+00  0.0000D+00  0.0000D+00  0.0000D+00
  -0.2250D-01  0.7898D-02  0.1047D-01 -0.4350D-04  0.4057D-04 -0.1843D-03

+ITER:   1   ERROR:   0.2516D-02
 ******************************************************************************
 STEP:  32  CONTROL VARIABLE: -0.23250D-01
 PREVIOUS STRESS-STRAIN IN SAMPLE:
  -0.9586D+00  0.0000D+00  0.0000D+00  0.0000D+00  0.0000D+00  0.0000D+00
  -0.2325D-01  0.8164D-02  0.1085D-01 -0.4686D-04  0.4198D-04 -0.1897D-03

+ITER:   1   ERROR:   0.2812D-02
 ******************************************************************************
 STEP:  33  CONTROL VARIABLE: -0.24000D-01
 PREVIOUS STRESS-STRAIN IN SAMPLE:
  -0.9816D+00  0.0000D+00  0.0000D+00  0.0000D+00  0.0000D+00  0.0000D+00
  -0.2400D-01  0.8431D-02  0.1124D-01 -0.5046D-04  0.4345D-04 -0.1951D-03

 941  Look for other combination RSSD>TAUD
+ITER:   1   ERROR:   0.2567D-02
 ******************************************************************************
 STEP:  34  CONTROL VARIABLE: -0.24750D-01
 PREVIOUS STRESS-STRAIN IN SAMPLE:
  -0.1004D+01  0.0000D+00  0.0000D+00  0.0000D+00  0.0000D+00  0.0000D+00
  -0.2475D-01  0.8698D-02  0.1162D-01 -0.5440D-04  0.4487D-04 -0.2004D-03

 333  Look for other combination RSSD>TAUD
 626  Look for other combination RSSD>TAUD
 872  Look for other combination RSSD>TAUD
+ITER:   1   ERROR:   0.2885D-02
 ******************************************************************************
 STEP:  35  CONTROL VARIABLE: -0.25500D-01
 PREVIOUS STRESS-STRAIN IN SAMPLE:
  -0.1026D+01  0.0000D+00  0.0000D+00  0.0000D+00  0.0000D+00  0.0000D+00
  -0.2550D-01  0.8964D-02  0.1201D-01 -0.5806D-04  0.4623D-04 -0.2055D-03

+ITER:   1   ERROR:   0.2976D-02
 ******************************************************************************
 STEP:  36  CONTROL VARIABLE: -0.26250D-01
 PREVIOUS STRESS-STRAIN IN SAMPLE:
  -0.1047D+01  0.0000D+00  0.0000D+00  0.0000D+00  0.0000D+00  0.0000D+00
  -0.2625D-01  0.9231D-02  0.1240D-01 -0.6174D-04  0.4737D-04 -0.2106D-03

+ITER:   1   ERROR:   0.3068D-02
 ******************************************************************************
 STEP:  37  CONTROL VARIABLE: -0.27000D-01
 PREVIOUS STRESS-STRAIN IN SAMPLE:
  -0.1068D+01  0.0000D+00  0.0000D+00  0.0000D+00  0.0000D+00  0.0000D+00
  -0.2700D-01  0.9498D-02  0.1279D-01 -0.6532D-04  0.4816D-04 -0.2156D-03

+ITER:   1   ERROR:   0.2870D-02
 ******************************************************************************
 STEP:  38  CONTROL VARIABLE: -0.27750D-01
 PREVIOUS STRESS-STRAIN IN SAMPLE:
  -0.1088D+01  0.0000D+00  0.0000D+00  0.0000D+00  0.0000D+00  0.0000D+00
  -0.2775D-01  0.9764D-02  0.1318D-01 -0.6911D-04  0.4904D-04 -0.2208D-03

 943  Look for other combination RSSD>TAUD
+ITER:   1   ERROR:   0.3291D-02
 ******************************************************************************
 STEP:  39  CONTROL VARIABLE: -0.28500D-01
 PREVIOUS STRESS-STRAIN IN SAMPLE:
  -0.1108D+01  0.0000D+00  0.0000D+00  0.0000D+00  0.0000D+00  0.0000D+00
  -0.2850D-01  0.1003D-01  0.1358D-01 -0.7307D-04  0.4998D-04 -0.2258D-03

 941  Look for other combination RSSD>TAUD
+ITER:   1   ERROR:   0.2987D-02
 ******************************************************************************
 STEP:  40  CONTROL VARIABLE: -0.29250D-01
 PREVIOUS STRESS-STRAIN IN SAMPLE:
  -0.1126D+01  0.0000D+00  0.0000D+00  0.0000D+00  0.0000D+00  0.0000D+00
  -0.2925D-01  0.1030D-01  0.1398D-01 -0.7693D-04  0.5071D-04 -0.2308D-03

 265  Look for other combination RSSD>TAUD
 626  Look for other combination RSSD>TAUD
+ITER:   1   ERROR:   0.2756D-02
 ******************************************************************************

 ******************************************************************************
 PARTIAL TIME=    4.20 secs
 ******************************************************************************

 ******************************************************************************
 TOTAL TIME=    4.20 secs
 ******************************************************************************
 ****************************** EPSC PROGRAM END ******************************
 ******************************************************************************
