 ******************************************************************************
 * Main configuration file                                                     
 ******************************************************************************
 RELATIVE ACTIVITY IN EACH MODE AND AVACS vs STRAIN
 SLIP AND TWINNING ACTIVITY STATISTIC:
 ******************************************************************************
    0.00000     0.000  0.000
   -0.00075     0.000  0.000
   -0.00150     0.000  0.000
   -0.00225     0.000  0.000
   -0.00300     1.000  0.362
   -0.00375     1.000  1.454
   -0.00450     1.000  1.629
   -0.00525     1.000  1.693
   -0.00600     1.000  1.728
   -0.00675     1.000  1.757
   -0.00750     1.000  1.772
   -0.00825     1.000  1.787
   -0.00900     1.000  1.806
   -0.00975     1.000  1.826
   -0.01050     1.000  1.843
   -0.01125     1.000  1.856
   -0.01200     1.000  1.871
   -0.01275     1.000  1.889
   -0.01350     1.000  1.918
   -0.01425     1.000  1.929
   -0.01500     1.000  1.926
   -0.01575     1.000  1.943
   -0.01650     1.000  1.959
   -0.01725     1.000  1.977
   -0.01800     1.000  1.999
   -0.01875     1.000  2.008
   -0.01950     1.000  2.015
   -0.02025     1.000  2.034
   -0.02100     1.000  2.047
   -0.02175     1.000  2.063
   -0.02250     1.000  2.065
   -0.02325     1.000  2.075
   -0.02400     1.000  2.083
   -0.02475     1.000  2.099
   -0.02550     1.000  2.112
   -0.02625     1.000  2.125
   -0.02700     1.000  2.131
   -0.02775     1.000  2.152
   -0.02850     1.000  2.164
   -0.02925     1.000  2.165
